#
# There is insufficient memory for the Java Runtime Environment to continue.
# Native memory allocation (malloc) failed to allocate 100864 bytes for Chunk::new
# Possible reasons:
#   The system is out of physical RAM or swap space
#   The process is running with CompressedOops enabled, and the Java Heap may be blocking the growth of the native heap
# Possible solutions:
#   Reduce memory load on the system
#   Increase physical memory or swap space
#   Check if swap backing store is full
#   Decrease Java heap size (-Xmx/-Xms)
#   Decrease number of Java threads
#   Decrease Java thread stack sizes (-Xss)
#   Set larger code cache with -XX:ReservedCodeCacheSize=
#   JVM is running with Zero Based Compressed Oops mode in which the Java heap is
#     placed in the first 32GB address space. The Java Heap base address is the
#     maximum limit for the native heap growth. Please use -XX:HeapBaseMinAddress
#     to set the Java Heap base and to place the Java Heap above 32GB virtual address.
# This output file may be truncated or incomplete.
#
#  Out of Memory Error (arena.cpp:168), pid=3636, tid=12400
#
# JRE version: Java(TM) SE Runtime Environment (21.0.3+7) (build 21.0.3+7-LTS-152)
# Java VM: Java HotSpot(TM) 64-Bit Server VM (21.0.3+7-LTS-152, mixed mode, sharing, tiered, compressed oops, compressed class ptrs, g1 gc, windows-amd64)
# No core dump will be written. Minidumps are not enabled by default on client versions of Windows
#

---------------  S U M M A R Y ------------

Command Line: -Dmaven.multiModuleProjectDirectory=C:\Users\Egor\Plugins\PlasmoRadio -Djansi.passthrough=true -Dmaven.home=C:\Program Files\JetBrains\IntelliJ IDEA Community Edition 2024.1.3\plugins\maven\lib\maven3 -Dclassworlds.conf=C:\Program Files\JetBrains\IntelliJ IDEA Community Edition 2024.1.3\plugins\maven\lib\maven3\bin\m2.conf -Dmaven.ext.class.path=C:\Program Files\JetBrains\IntelliJ IDEA Community Edition 2024.1.3\plugins\maven\lib\maven-event-listener.jar -javaagent:C:\Program Files\JetBrains\IntelliJ IDEA Community Edition 2024.1.3\lib\idea_rt.jar=44103:C:\Program Files\JetBrains\IntelliJ IDEA Community Edition 2024.1.3\bin -Dfile.encoding=UTF-8 -Dsun.stdout.encoding=UTF-8 -Dsun.stderr.encoding=UTF-8 org.codehaus.classworlds.Launcher -Didea.version=2024.1.3 package

Host: Intel(R) Core(TM) i5-9300H CPU @ 2.40GHz, 8 cores, 11G,  Windows 10 , 64 bit Build 19041 (10.0.19041.5438)
Time: Tue Jun  3 00:45:03 2025  Windows 10 , 64 bit Build 19041 (10.0.19041.5438) elapsed time: 1.223319 seconds (0d 0h 0m 1s)

---------------  T H R E A D  ---------------

Current thread (0x000001667f6d1880):  JavaThread "C2 CompilerThread0" daemon [_thread_in_native, id=12400, stack(0x0000001b0eb00000,0x0000001b0ec00000) (1024K)]


Current CompileTask:
C2:   1223 1352       4       java.lang.AbstractStringBuilder::append (77 bytes)

Stack: [0x0000001b0eb00000,0x0000001b0ec00000]
Native frames: (J=compiled Java code, j=interpreted, Vv=VM code, C=native code)
V  [jvm.dll+0x6c63b9]
V  [jvm.dll+0x84fa11]
V  [jvm.dll+0x851f3e]
V  [jvm.dll+0x852613]
V  [jvm.dll+0x27cd46]
V  [jvm.dll+0xc4aad]
V  [jvm.dll+0xc4fe3]
V  [jvm.dll+0x3b1d5c]
V  [jvm.dll+0x37e485]
V  [jvm.dll+0x37d8fa]
V  [jvm.dll+0x245b40]
V  [jvm.dll+0x24511f]
V  [jvm.dll+0x1c689e]
V  [jvm.dll+0x254609]
V  [jvm.dll+0x252b9a]
V  [jvm.dll+0x3eb056]
V  [jvm.dll+0x7f9ffb]
V  [jvm.dll+0x6c4a9d]
C  [ucrtbase.dll+0x21bb2]
C  [KERNEL32.DLL+0x17374]
C  [ntdll.dll+0x4cc91]


---------------  P R O C E S S  ---------------

Threads class SMR info:
_java_thread_list=0x000001667f9f7f10, length=13, elements={
0x00000166639bc0b0, 0x000001667f6c2b20, 0x000001667f6c3b90, 0x000001667f6c5940,
0x000001667f6c63a0, 0x000001667f6c9090, 0x000001667f6ca290, 0x000001667f6d1880,
0x000001667f6f5280, 0x000001667f68e1e0, 0x000001667fa34460, 0x000001667fa34ad0,
0x000001667fa08a70
}

Java Threads: ( => current thread )
  0x00000166639bc0b0 JavaThread "main"                              [_thread_in_vm, id=20144, stack(0x0000001b0dd00000,0x0000001b0de00000) (1024K)]
  0x000001667f6c2b20 JavaThread "Reference Handler"          daemon [_thread_blocked, id=14240, stack(0x0000001b0e500000,0x0000001b0e600000) (1024K)]
  0x000001667f6c3b90 JavaThread "Finalizer"                  daemon [_thread_blocked, id=14000, stack(0x0000001b0e600000,0x0000001b0e700000) (1024K)]
  0x000001667f6c5940 JavaThread "Signal Dispatcher"          daemon [_thread_blocked, id=17304, stack(0x0000001b0e700000,0x0000001b0e800000) (1024K)]
  0x000001667f6c63a0 JavaThread "Attach Listener"            daemon [_thread_blocked, id=12112, stack(0x0000001b0e800000,0x0000001b0e900000) (1024K)]
  0x000001667f6c9090 JavaThread "Service Thread"             daemon [_thread_blocked, id=10724, stack(0x0000001b0e900000,0x0000001b0ea00000) (1024K)]
  0x000001667f6ca290 JavaThread "Monitor Deflation Thread"   daemon [_thread_blocked, id=5296, stack(0x0000001b0ea00000,0x0000001b0eb00000) (1024K)]
=>0x000001667f6d1880 JavaThread "C2 CompilerThread0"         daemon [_thread_in_native, id=12400, stack(0x0000001b0eb00000,0x0000001b0ec00000) (1024K)]
  0x000001667f6f5280 JavaThread "C1 CompilerThread0"         daemon [_thread_blocked, id=4708, stack(0x0000001b0ec00000,0x0000001b0ed00000) (1024K)]
  0x000001667f68e1e0 JavaThread "Common-Cleaner"             daemon [_thread_blocked, id=888, stack(0x0000001b0ed00000,0x0000001b0ee00000) (1024K)]
  0x000001667fa34460 JavaThread "Monitor Ctrl-Break"         daemon [_thread_in_native, id=22440, stack(0x0000001b0ee00000,0x0000001b0ef00000) (1024K)]
  0x000001667fa34ad0 JavaThread "Notification Thread"        daemon [_thread_blocked, id=984, stack(0x0000001b0ef00000,0x0000001b0f000000) (1024K)]
  0x000001667fa08a70 JavaThread "C2 CompilerThread1"         daemon [_thread_in_native, id=1948, stack(0x0000001b0f000000,0x0000001b0f100000) (1024K)]
Total: 13

Other Threads:
  0x000001667f6a5040 VMThread "VM Thread"                           [id=22896, stack(0x0000001b0e400000,0x0000001b0e500000) (1024K)]
  0x000001667f68d730 WatcherThread "VM Periodic Task Thread"        [id=7468, stack(0x0000001b0e300000,0x0000001b0e400000) (1024K)]
  0x0000016663a12d70 WorkerThread "GC Thread#0"                     [id=20240, stack(0x0000001b0de00000,0x0000001b0df00000) (1024K)]
  0x00000166478ca970 WorkerThread "GC Thread#1"                     [id=4064, stack(0x0000001b0f100000,0x0000001b0f200000) (1024K)]
  0x00000166478cad10 WorkerThread "GC Thread#2"                     [id=2632, stack(0x0000001b0f200000,0x0000001b0f300000) (1024K)]
  0x0000016647872910 WorkerThread "GC Thread#3"                     [id=19896, stack(0x0000001b0f300000,0x0000001b0f400000) (1024K)]
  0x0000016647c50610 WorkerThread "GC Thread#4"                     [id=21876, stack(0x0000001b0f400000,0x0000001b0f500000) (1024K)]
  0x0000016647c509b0 WorkerThread "GC Thread#5"                     [id=1884, stack(0x0000001b0f500000,0x0000001b0f600000) (1024K)]
  0x00000166479d8130 WorkerThread "GC Thread#6"                     [id=7244, stack(0x0000001b0f600000,0x0000001b0f700000) (1024K)]
  0x00000166479d9970 WorkerThread "GC Thread#7"                     [id=1956, stack(0x0000001b0f700000,0x0000001b0f800000) (1024K)]
  0x0000016663a1fa90 ConcurrentGCThread "G1 Main Marker"            [id=3808, stack(0x0000001b0df00000,0x0000001b0e000000) (1024K)]
  0x0000016663a20b40 WorkerThread "G1 Conc#0"                       [id=3504, stack(0x0000001b0e000000,0x0000001b0e100000) (1024K)]
  0x000001667f5610a0 ConcurrentGCThread "G1 Refine#0"               [id=84, stack(0x0000001b0e100000,0x0000001b0e200000) (1024K)]
  0x000001667f5618c0 ConcurrentGCThread "G1 Service"                [id=13912, stack(0x0000001b0e200000,0x0000001b0e300000) (1024K)]
Total: 14

Threads with active compile tasks:
C2 CompilerThread0     1261 1352       4       java.lang.AbstractStringBuilder::append (77 bytes)
C2 CompilerThread1     1261 1493       4       java.lang.String::replace (42 bytes)
Total: 2

VM state: not at safepoint (normal execution)

VM Mutex/Monitor currently owned by a thread: None

Heap address: 0x0000000742800000, size: 3032 MB, Compressed Oops mode: Zero based, Oop shift amount: 3

CDS archive(s) mapped at: [0x0000016602000000-0x0000016602c90000-0x0000016602c90000), size 13172736, SharedBaseAddress: 0x0000016602000000, ArchiveRelocationMode: 1.
Compressed class space mapped at: 0x0000016603000000-0x0000016643000000, reserved size: 1073741824
Narrow klass base: 0x0000016602000000, Narrow klass shift: 0, Narrow klass range: 0x100000000

GC Precious Log:
 CardTable entry size: 512
 Card Set container configuration: InlinePtr #cards 4 size 8 Array Of Cards #cards 16 size 48 Howl #buckets 8 coarsen threshold 3686 Howl Bitmap #cards 512 size 80 coarsen threshold 460 Card regions per heap region 1 cards per card region 4096
 CPUs: 8 total, 8 available
 Memory: 12125M
 Large Page Support: Disabled
 NUMA Support: Disabled
 Compressed Oops: Enabled (Zero based)
 Heap Region Size: 2M
 Heap Min Capacity: 8M
 Heap Initial Capacity: 190M
 Heap Max Capacity: 3032M
 Pre-touch: Disabled
 Parallel Workers: 8
 Concurrent Workers: 2
 Concurrent Refinement Workers: 8
 Periodic GC: Disabled

Heap:
 garbage-first heap   total 194560K, used 16280K [0x0000000742800000, 0x0000000800000000)
  region size 2048K, 9 young (18432K), 2 survivors (4096K)
 Metaspace       used 7395K, committed 7616K, reserved 1114112K
  class space    used 838K, committed 960K, reserved 1048576K

Heap Regions: E=young(eden), S=young(survivor), O=old, HS=humongous(starts), HC=humongous(continues), CS=collection set, F=free, TAMS=top-at-mark-start, PB=parsable bottom
|   0|0x0000000742800000, 0x0000000742800000, 0x0000000742a00000|  0%| F|  |TAMS 0x0000000742800000| PB 0x0000000742800000| Untracked 
|   1|0x0000000742a00000, 0x0000000742a00000, 0x0000000742c00000|  0%| F|  |TAMS 0x0000000742a00000| PB 0x0000000742a00000| Untracked 
|   2|0x0000000742c00000, 0x0000000742c00000, 0x0000000742e00000|  0%| F|  |TAMS 0x0000000742c00000| PB 0x0000000742c00000| Untracked 
|   3|0x0000000742e00000, 0x0000000742e00000, 0x0000000743000000|  0%| F|  |TAMS 0x0000000742e00000| PB 0x0000000742e00000| Untracked 
|   4|0x0000000743000000, 0x0000000743000000, 0x0000000743200000|  0%| F|  |TAMS 0x0000000743000000| PB 0x0000000743000000| Untracked 
|   5|0x0000000743200000, 0x0000000743200000, 0x0000000743400000|  0%| F|  |TAMS 0x0000000743200000| PB 0x0000000743200000| Untracked 
|   6|0x0000000743400000, 0x0000000743400000, 0x0000000743600000|  0%| F|  |TAMS 0x0000000743400000| PB 0x0000000743400000| Untracked 
|   7|0x0000000743600000, 0x0000000743600000, 0x0000000743800000|  0%| F|  |TAMS 0x0000000743600000| PB 0x0000000743600000| Untracked 
|   8|0x0000000743800000, 0x0000000743800000, 0x0000000743a00000|  0%| F|  |TAMS 0x0000000743800000| PB 0x0000000743800000| Untracked 
|   9|0x0000000743a00000, 0x0000000743a00000, 0x0000000743c00000|  0%| F|  |TAMS 0x0000000743a00000| PB 0x0000000743a00000| Untracked 
|  10|0x0000000743c00000, 0x0000000743c00000, 0x0000000743e00000|  0%| F|  |TAMS 0x0000000743c00000| PB 0x0000000743c00000| Untracked 
|  11|0x0000000743e00000, 0x0000000743e00000, 0x0000000744000000|  0%| F|  |TAMS 0x0000000743e00000| PB 0x0000000743e00000| Untracked 
|  12|0x0000000744000000, 0x0000000744000000, 0x0000000744200000|  0%| F|  |TAMS 0x0000000744000000| PB 0x0000000744000000| Untracked 
|  13|0x0000000744200000, 0x0000000744200000, 0x0000000744400000|  0%| F|  |TAMS 0x0000000744200000| PB 0x0000000744200000| Untracked 
|  14|0x0000000744400000, 0x0000000744400000, 0x0000000744600000|  0%| F|  |TAMS 0x0000000744400000| PB 0x0000000744400000| Untracked 
|  15|0x0000000744600000, 0x0000000744600000, 0x0000000744800000|  0%| F|  |TAMS 0x0000000744600000| PB 0x0000000744600000| Untracked 
|  16|0x0000000744800000, 0x0000000744800000, 0x0000000744a00000|  0%| F|  |TAMS 0x0000000744800000| PB 0x0000000744800000| Untracked 
|  17|0x0000000744a00000, 0x0000000744a00000, 0x0000000744c00000|  0%| F|  |TAMS 0x0000000744a00000| PB 0x0000000744a00000| Untracked 
|  18|0x0000000744c00000, 0x0000000744c00000, 0x0000000744e00000|  0%| F|  |TAMS 0x0000000744c00000| PB 0x0000000744c00000| Untracked 
|  19|0x0000000744e00000, 0x0000000744e00000, 0x0000000745000000|  0%| F|  |TAMS 0x0000000744e00000| PB 0x0000000744e00000| Untracked 
|  20|0x0000000745000000, 0x0000000745000000, 0x0000000745200000|  0%| F|  |TAMS 0x0000000745000000| PB 0x0000000745000000| Untracked 
|  21|0x0000000745200000, 0x0000000745200000, 0x0000000745400000|  0%| F|  |TAMS 0x0000000745200000| PB 0x0000000745200000| Untracked 
|  22|0x0000000745400000, 0x0000000745400000, 0x0000000745600000|  0%| F|  |TAMS 0x0000000745400000| PB 0x0000000745400000| Untracked 
|  23|0x0000000745600000, 0x0000000745600000, 0x0000000745800000|  0%| F|  |TAMS 0x0000000745600000| PB 0x0000000745600000| Untracked 
|  24|0x0000000745800000, 0x0000000745800000, 0x0000000745a00000|  0%| F|  |TAMS 0x0000000745800000| PB 0x0000000745800000| Untracked 
|  25|0x0000000745a00000, 0x0000000745a00000, 0x0000000745c00000|  0%| F|  |TAMS 0x0000000745a00000| PB 0x0000000745a00000| Untracked 
|  26|0x0000000745c00000, 0x0000000745c00000, 0x0000000745e00000|  0%| F|  |TAMS 0x0000000745c00000| PB 0x0000000745c00000| Untracked 
|  27|0x0000000745e00000, 0x0000000745e00000, 0x0000000746000000|  0%| F|  |TAMS 0x0000000745e00000| PB 0x0000000745e00000| Untracked 
|  28|0x0000000746000000, 0x0000000746000000, 0x0000000746200000|  0%| F|  |TAMS 0x0000000746000000| PB 0x0000000746000000| Untracked 
|  29|0x0000000746200000, 0x0000000746200000, 0x0000000746400000|  0%| F|  |TAMS 0x0000000746200000| PB 0x0000000746200000| Untracked 
|  30|0x0000000746400000, 0x0000000746400000, 0x0000000746600000|  0%| F|  |TAMS 0x0000000746400000| PB 0x0000000746400000| Untracked 
|  31|0x0000000746600000, 0x0000000746600000, 0x0000000746800000|  0%| F|  |TAMS 0x0000000746600000| PB 0x0000000746600000| Untracked 
|  32|0x0000000746800000, 0x0000000746800000, 0x0000000746a00000|  0%| F|  |TAMS 0x0000000746800000| PB 0x0000000746800000| Untracked 
|  33|0x0000000746a00000, 0x0000000746a00000, 0x0000000746c00000|  0%| F|  |TAMS 0x0000000746a00000| PB 0x0000000746a00000| Untracked 
|  34|0x0000000746c00000, 0x0000000746c00000, 0x0000000746e00000|  0%| F|  |TAMS 0x0000000746c00000| PB 0x0000000746c00000| Untracked 
|  35|0x0000000746e00000, 0x0000000746e00000, 0x0000000747000000|  0%| F|  |TAMS 0x0000000746e00000| PB 0x0000000746e00000| Untracked 
|  36|0x0000000747000000, 0x0000000747000000, 0x0000000747200000|  0%| F|  |TAMS 0x0000000747000000| PB 0x0000000747000000| Untracked 
|  37|0x0000000747200000, 0x0000000747200000, 0x0000000747400000|  0%| F|  |TAMS 0x0000000747200000| PB 0x0000000747200000| Untracked 
|  38|0x0000000747400000, 0x0000000747400000, 0x0000000747600000|  0%| F|  |TAMS 0x0000000747400000| PB 0x0000000747400000| Untracked 
|  39|0x0000000747600000, 0x0000000747600000, 0x0000000747800000|  0%| F|  |TAMS 0x0000000747600000| PB 0x0000000747600000| Untracked 
|  40|0x0000000747800000, 0x0000000747800000, 0x0000000747a00000|  0%| F|  |TAMS 0x0000000747800000| PB 0x0000000747800000| Untracked 
|  41|0x0000000747a00000, 0x0000000747a00000, 0x0000000747c00000|  0%| F|  |TAMS 0x0000000747a00000| PB 0x0000000747a00000| Untracked 
|  42|0x0000000747c00000, 0x0000000747c00000, 0x0000000747e00000|  0%| F|  |TAMS 0x0000000747c00000| PB 0x0000000747c00000| Untracked 
|  43|0x0000000747e00000, 0x0000000747e00000, 0x0000000748000000|  0%| F|  |TAMS 0x0000000747e00000| PB 0x0000000747e00000| Untracked 
|  44|0x0000000748000000, 0x0000000748000000, 0x0000000748200000|  0%| F|  |TAMS 0x0000000748000000| PB 0x0000000748000000| Untracked 
|  45|0x0000000748200000, 0x0000000748200000, 0x0000000748400000|  0%| F|  |TAMS 0x0000000748200000| PB 0x0000000748200000| Untracked 
|  46|0x0000000748400000, 0x0000000748400000, 0x0000000748600000|  0%| F|  |TAMS 0x0000000748400000| PB 0x0000000748400000| Untracked 
|  47|0x0000000748600000, 0x0000000748600000, 0x0000000748800000|  0%| F|  |TAMS 0x0000000748600000| PB 0x0000000748600000| Untracked 
|  48|0x0000000748800000, 0x0000000748800000, 0x0000000748a00000|  0%| F|  |TAMS 0x0000000748800000| PB 0x0000000748800000| Untracked 
|  49|0x0000000748a00000, 0x0000000748a00000, 0x0000000748c00000|  0%| F|  |TAMS 0x0000000748a00000| PB 0x0000000748a00000| Untracked 
|  50|0x0000000748c00000, 0x0000000748c00000, 0x0000000748e00000|  0%| F|  |TAMS 0x0000000748c00000| PB 0x0000000748c00000| Untracked 
|  51|0x0000000748e00000, 0x0000000748e00000, 0x0000000749000000|  0%| F|  |TAMS 0x0000000748e00000| PB 0x0000000748e00000| Untracked 
|  52|0x0000000749000000, 0x0000000749000000, 0x0000000749200000|  0%| F|  |TAMS 0x0000000749000000| PB 0x0000000749000000| Untracked 
|  53|0x0000000749200000, 0x0000000749200000, 0x0000000749400000|  0%| F|  |TAMS 0x0000000749200000| PB 0x0000000749200000| Untracked 
|  54|0x0000000749400000, 0x0000000749400000, 0x0000000749600000|  0%| F|  |TAMS 0x0000000749400000| PB 0x0000000749400000| Untracked 
|  55|0x0000000749600000, 0x0000000749600000, 0x0000000749800000|  0%| F|  |TAMS 0x0000000749600000| PB 0x0000000749600000| Untracked 
|  56|0x0000000749800000, 0x0000000749800000, 0x0000000749a00000|  0%| F|  |TAMS 0x0000000749800000| PB 0x0000000749800000| Untracked 
|  57|0x0000000749a00000, 0x0000000749a00000, 0x0000000749c00000|  0%| F|  |TAMS 0x0000000749a00000| PB 0x0000000749a00000| Untracked 
|  58|0x0000000749c00000, 0x0000000749c00000, 0x0000000749e00000|  0%| F|  |TAMS 0x0000000749c00000| PB 0x0000000749c00000| Untracked 
|  59|0x0000000749e00000, 0x0000000749e00000, 0x000000074a000000|  0%| F|  |TAMS 0x0000000749e00000| PB 0x0000000749e00000| Untracked 
|  60|0x000000074a000000, 0x000000074a000000, 0x000000074a200000|  0%| F|  |TAMS 0x000000074a000000| PB 0x000000074a000000| Untracked 
|  61|0x000000074a200000, 0x000000074a200000, 0x000000074a400000|  0%| F|  |TAMS 0x000000074a200000| PB 0x000000074a200000| Untracked 
|  62|0x000000074a400000, 0x000000074a400000, 0x000000074a600000|  0%| F|  |TAMS 0x000000074a400000| PB 0x000000074a400000| Untracked 
|  63|0x000000074a600000, 0x000000074a600000, 0x000000074a800000|  0%| F|  |TAMS 0x000000074a600000| PB 0x000000074a600000| Untracked 
|  64|0x000000074a800000, 0x000000074a800000, 0x000000074aa00000|  0%| F|  |TAMS 0x000000074a800000| PB 0x000000074a800000| Untracked 
|  65|0x000000074aa00000, 0x000000074aa00000, 0x000000074ac00000|  0%| F|  |TAMS 0x000000074aa00000| PB 0x000000074aa00000| Untracked 
|  66|0x000000074ac00000, 0x000000074ac00000, 0x000000074ae00000|  0%| F|  |TAMS 0x000000074ac00000| PB 0x000000074ac00000| Untracked 
|  67|0x000000074ae00000, 0x000000074ae00000, 0x000000074b000000|  0%| F|  |TAMS 0x000000074ae00000| PB 0x000000074ae00000| Untracked 
|  68|0x000000074b000000, 0x000000074b000000, 0x000000074b200000|  0%| F|  |TAMS 0x000000074b000000| PB 0x000000074b000000| Untracked 
|  69|0x000000074b200000, 0x000000074b200000, 0x000000074b400000|  0%| F|  |TAMS 0x000000074b200000| PB 0x000000074b200000| Untracked 
|  70|0x000000074b400000, 0x000000074b400000, 0x000000074b600000|  0%| F|  |TAMS 0x000000074b400000| PB 0x000000074b400000| Untracked 
|  71|0x000000074b600000, 0x000000074b600000, 0x000000074b800000|  0%| F|  |TAMS 0x000000074b600000| PB 0x000000074b600000| Untracked 
|  72|0x000000074b800000, 0x000000074b800000, 0x000000074ba00000|  0%| F|  |TAMS 0x000000074b800000| PB 0x000000074b800000| Untracked 
|  73|0x000000074ba00000, 0x000000074ba00000, 0x000000074bc00000|  0%| F|  |TAMS 0x000000074ba00000| PB 0x000000074ba00000| Untracked 
|  74|0x000000074bc00000, 0x000000074bc00000, 0x000000074be00000|  0%| F|  |TAMS 0x000000074bc00000| PB 0x000000074bc00000| Untracked 
|  75|0x000000074be00000, 0x000000074be00000, 0x000000074c000000|  0%| F|  |TAMS 0x000000074be00000| PB 0x000000074be00000| Untracked 
|  76|0x000000074c000000, 0x000000074c000000, 0x000000074c200000|  0%| F|  |TAMS 0x000000074c000000| PB 0x000000074c000000| Untracked 
|  77|0x000000074c200000, 0x000000074c200000, 0x000000074c400000|  0%| F|  |TAMS 0x000000074c200000| PB 0x000000074c200000| Untracked 
|  78|0x000000074c400000, 0x000000074c400000, 0x000000074c600000|  0%| F|  |TAMS 0x000000074c400000| PB 0x000000074c400000| Untracked 
|  79|0x000000074c600000, 0x000000074c600000, 0x000000074c800000|  0%| F|  |TAMS 0x000000074c600000| PB 0x000000074c600000| Untracked 
|  80|0x000000074c800000, 0x000000074c800000, 0x000000074ca00000|  0%| F|  |TAMS 0x000000074c800000| PB 0x000000074c800000| Untracked 
|  81|0x000000074ca00000, 0x000000074ca00000, 0x000000074cc00000|  0%| F|  |TAMS 0x000000074ca00000| PB 0x000000074ca00000| Untracked 
|  82|0x000000074cc00000, 0x000000074cde6020, 0x000000074ce00000| 94%| S|CS|TAMS 0x000000074cc00000| PB 0x000000074cc00000| Complete 
|  83|0x000000074ce00000, 0x000000074d000000, 0x000000074d000000|100%| S|CS|TAMS 0x000000074ce00000| PB 0x000000074ce00000| Complete 
|  84|0x000000074d000000, 0x000000074d000000, 0x000000074d200000|  0%| F|  |TAMS 0x000000074d000000| PB 0x000000074d000000| Untracked 
|  85|0x000000074d200000, 0x000000074d200000, 0x000000074d400000|  0%| F|  |TAMS 0x000000074d200000| PB 0x000000074d200000| Untracked 
|  86|0x000000074d400000, 0x000000074d400000, 0x000000074d600000|  0%| F|  |TAMS 0x000000074d400000| PB 0x000000074d400000| Untracked 
|  87|0x000000074d600000, 0x000000074d600000, 0x000000074d800000|  0%| F|  |TAMS 0x000000074d600000| PB 0x000000074d600000| Untracked 
|  88|0x000000074d800000, 0x000000074d906af0, 0x000000074da00000| 51%| E|  |TAMS 0x000000074d800000| PB 0x000000074d800000| Complete 
|  89|0x000000074da00000, 0x000000074dc00000, 0x000000074dc00000|100%| E|CS|TAMS 0x000000074da00000| PB 0x000000074da00000| Complete 
|  90|0x000000074dc00000, 0x000000074de00000, 0x000000074de00000|100%| E|CS|TAMS 0x000000074dc00000| PB 0x000000074dc00000| Complete 
|  91|0x000000074de00000, 0x000000074e000000, 0x000000074e000000|100%| E|CS|TAMS 0x000000074de00000| PB 0x000000074de00000| Complete 
|  92|0x000000074e000000, 0x000000074e200000, 0x000000074e200000|100%| E|CS|TAMS 0x000000074e000000| PB 0x000000074e000000| Complete 
|  93|0x000000074e200000, 0x000000074e400000, 0x000000074e400000|100%| E|CS|TAMS 0x000000074e200000| PB 0x000000074e200000| Complete 
|  94|0x000000074e400000, 0x000000074e600000, 0x000000074e600000|100%| E|CS|TAMS 0x000000074e400000| PB 0x000000074e400000| Complete 

Card table byte_map: [0x000001667b760000,0x000001667bd50000] _byte_map_base: 0x0000016677d4c000

Marking Bits: (CMBitMap*) 0x0000016663a13280
 Bits: [0x000001667bd50000, 0x000001667ecb0000)

Polling page: 0x0000016663190000

Metaspace:

Usage:
  Non-class:      6.41 MB used.
      Class:    840.78 KB used.
       Both:      7.23 MB used.

Virtual space:
  Non-class space:       64.00 MB reserved,       6.50 MB ( 10%) committed,  1 nodes.
      Class space:        1.00 GB reserved,     960.00 KB ( <1%) committed,  1 nodes.
             Both:        1.06 GB reserved,       7.44 MB ( <1%) committed. 

Chunk freelists:
   Non-Class:  8.45 MB
       Class:  14.92 MB
        Both:  23.38 MB

MaxMetaspaceSize: unlimited
CompressedClassSpaceSize: 1.00 GB
Initial GC threshold: 21.00 MB
Current GC threshold: 21.00 MB
CDS: on
 - commit_granule_bytes: 65536.
 - commit_granule_words: 8192.
 - virtual_space_node_default_size: 8388608.
 - enlarge_chunks_in_place: 1.
 - use_allocation_guard: 0.


Internal statistics:

num_allocs_failed_limit: 0.
num_arena_births: 66.
num_arena_deaths: 0.
num_vsnodes_births: 2.
num_vsnodes_deaths: 0.
num_space_committed: 119.
num_space_uncommitted: 0.
num_chunks_returned_to_freelist: 0.
num_chunks_taken_from_freelist: 261.
num_chunk_merges: 0.
num_chunk_splits: 179.
num_chunks_enlarged: 141.
num_inconsistent_stats: 0.

CodeHeap 'non-profiled nmethods': size=120000Kb used=583Kb max_used=583Kb free=119416Kb
 bounds [0x0000016673910000, 0x0000016673b80000, 0x000001667ae40000]
CodeHeap 'profiled nmethods': size=120000Kb used=2776Kb max_used=2776Kb free=117223Kb
 bounds [0x000001666be40000, 0x000001666c100000, 0x0000016673370000]
CodeHeap 'non-nmethods': size=5760Kb used=1385Kb max_used=1454Kb free=4375Kb
 bounds [0x0000016673370000, 0x00000166735e0000, 0x0000016673910000]
 total_blobs=1985 nmethods=1500 adapters=390
 compilation: enabled
              stopped_count=0, restarted_count=0
 full_count=0

Compilation events (20 events):
Event: 1.214 Thread 0x000001667f6f5280 1441       3       java.lang.invoke.Invokers::checkExactType (17 bytes)
Event: 1.214 Thread 0x000001667f6f5280 nmethod 1441 0x000001666c0da590 code [0x000001666c0da740, 0x000001666c0da940]
Event: 1.214 Thread 0x000001667f6f5280 1442       3       java.lang.invoke.Invokers::checkCustomized (23 bytes)
Event: 1.214 Thread 0x000001667f6f5280 nmethod 1442 0x000001666c0daa10 code [0x000001666c0dabc0, 0x000001666c0dad90]
Event: 1.216 Thread 0x000001667f6d1880 nmethod 1206 0x000001667398fb10 code [0x000001667398ffa0, 0x0000016673993190]
Event: 1.217 Thread 0x000001667f6d1880 1352       4       java.lang.AbstractStringBuilder::append (77 bytes)
Event: 1.217 Thread 0x000001667f6f5280 1443       1       sun.reflect.generics.visitor.Reifier::getFactory (5 bytes)
Event: 1.217 Thread 0x000001667f6f5280 nmethod 1443 0x0000016673995710 code [0x00000166739958a0, 0x0000016673995970]
Event: 1.217 Thread 0x000001667f6f5280 1446       3       sun.reflect.annotation.AnnotationInvocationHandler::invoke (182 bytes)
Event: 1.218 Thread 0x000001667fa08a70 nmethod 1204 0x0000016673995a10 code [0x0000016673995ea0, 0x00000166739991a8]
Event: 1.219 Thread 0x000001667f6f5280 nmethod 1446 0x000001666c0dae90 code [0x000001666c0db1e0, 0x000001666c0dc3a0]
Event: 1.219 Thread 0x000001667f6f5280 1444       3       java.lang.Class::forName (24 bytes)
Event: 1.219 Thread 0x000001667fa08a70 1184   !   4       java.nio.charset.CharsetDecoder::decode (275 bytes)
Event: 1.220 Thread 0x000001667f6f5280 nmethod 1444 0x000001666c0dc910 code [0x000001666c0dcae0, 0x000001666c0dcce8]
Event: 1.220 Thread 0x000001667f6f5280 1445       3       java.lang.Class::forName (41 bytes)
Event: 1.220 Thread 0x000001667f6f5280 nmethod 1445 0x000001666c0dce10 code [0x000001666c0dcfc0, 0x000001666c0dd1b8]
Event: 1.220 Thread 0x000001667f6f5280 1447       3       java.nio.HeapByteBuffer::<init> (21 bytes)
Event: 1.220 Thread 0x000001667f6f5280 nmethod 1447 0x000001666c0dd290 code [0x000001666c0dd440, 0x000001666c0dd668]
Event: 1.220 Thread 0x000001667f6f5280 1448       3       java.util.HashMap::tableSizeFor (32 bytes)
Event: 1.220 Thread 0x000001667f6f5280 nmethod 1448 0x000001666c0dd790 code [0x000001666c0dd960, 0x000001666c0ddb68]

GC Heap History (2 events):
Event: 0.997 GC heap before
{Heap before GC invocations=0 (full 0):
 garbage-first heap   total 194560K, used 22528K [0x0000000742800000, 0x0000000800000000)
  region size 2048K, 11 young (22528K), 0 survivors (0K)
 Metaspace       used 6117K, committed 6272K, reserved 1114112K
  class space    used 694K, committed 768K, reserved 1048576K
}
Event: 1.002 GC heap after
{Heap after GC invocations=1 (full 0):
 garbage-first heap   total 194560K, used 3992K [0x0000000742800000, 0x0000000800000000)
  region size 2048K, 2 young (4096K), 2 survivors (4096K)
 Metaspace       used 6117K, committed 6272K, reserved 1114112K
  class space    used 694K, committed 768K, reserved 1048576K
}

Dll operation events (12 events):
Event: 0.014 Loaded shared library E:\Program Files\Java\jdk-21\bin\java.dll
Event: 0.073 Loaded shared library E:\Program Files\Java\jdk-21\bin\jsvml.dll
Event: 0.157 Loaded shared library E:\Program Files\Java\jdk-21\bin\zip.dll
Event: 0.174 Loaded shared library E:\Program Files\Java\jdk-21\bin\instrument.dll
Event: 0.193 Loaded shared library E:\Program Files\Java\jdk-21\bin\net.dll
Event: 0.197 Loaded shared library E:\Program Files\Java\jdk-21\bin\nio.dll
Event: 0.205 Loaded shared library E:\Program Files\Java\jdk-21\bin\zip.dll
Event: 0.236 Loaded shared library C:\Program Files\JetBrains\IntelliJ IDEA Community Edition 2024.1.3\bin\breakgen64.dll
Event: 0.247 Loaded shared library E:\Program Files\Java\jdk-21\bin\extnet.dll
Event: 0.399 Loaded shared library E:\Program Files\Java\jdk-21\bin\jimage.dll
Event: 0.427 Loaded shared library C:\Users\Egor\AppData\Local\Temp\jansi-2.4.0-a962fb2061cca99-jansi.dll
Event: 0.445 Loaded shared library E:\Program Files\Java\jdk-21\bin\verify.dll

Deoptimization events (20 events):
Event: 1.118 Thread 0x00000166639bc0b0 Uncommon trap: trap_request=0xffffffde fr.pc=0x00000166739517e4 relative=0x0000000000000304
Event: 1.118 Thread 0x00000166639bc0b0 Uncommon trap: reason=class_check action=maybe_recompile pc=0x00000166739517e4 method=java.util.HashMap.getNode(Ljava/lang/Object;)Ljava/util/HashMap$Node; @ 128 c2
Event: 1.118 Thread 0x00000166639bc0b0 DEOPT PACKING pc=0x00000166739517e4 sp=0x0000001b0ddfdea0
Event: 1.118 Thread 0x00000166639bc0b0 DEOPT UNPACKING pc=0x00000166733c46a2 sp=0x0000001b0ddfde08 mode 2
Event: 1.119 Thread 0x00000166639bc0b0 Uncommon trap: trap_request=0xffffffde fr.pc=0x00000166739517e4 relative=0x0000000000000304
Event: 1.119 Thread 0x00000166639bc0b0 Uncommon trap: reason=class_check action=maybe_recompile pc=0x00000166739517e4 method=java.util.HashMap.getNode(Ljava/lang/Object;)Ljava/util/HashMap$Node; @ 128 c2
Event: 1.119 Thread 0x00000166639bc0b0 DEOPT PACKING pc=0x00000166739517e4 sp=0x0000001b0ddfdea0
Event: 1.119 Thread 0x00000166639bc0b0 DEOPT UNPACKING pc=0x00000166733c46a2 sp=0x0000001b0ddfde08 mode 2
Event: 1.131 Thread 0x00000166639bc0b0 Uncommon trap: trap_request=0xffffffde fr.pc=0x000001667394f860 relative=0x0000000000000b00
Event: 1.131 Thread 0x00000166639bc0b0 Uncommon trap: reason=class_check action=maybe_recompile pc=0x000001667394f860 method=java.util.HashMap.putVal(ILjava/lang/Object;Ljava/lang/Object;ZZ)Ljava/lang/Object; @ 91 c2
Event: 1.131 Thread 0x00000166639bc0b0 DEOPT PACKING pc=0x000001667394f860 sp=0x0000001b0ddfdc40
Event: 1.131 Thread 0x00000166639bc0b0 DEOPT UNPACKING pc=0x00000166733c46a2 sp=0x0000001b0ddfdb78 mode 2
Event: 1.146 Thread 0x00000166639bc0b0 Uncommon trap: trap_request=0xffffffde fr.pc=0x000001667394f860 relative=0x0000000000000b00
Event: 1.146 Thread 0x00000166639bc0b0 Uncommon trap: reason=class_check action=maybe_recompile pc=0x000001667394f860 method=java.util.HashMap.putVal(ILjava/lang/Object;Ljava/lang/Object;ZZ)Ljava/lang/Object; @ 91 c2
Event: 1.146 Thread 0x00000166639bc0b0 DEOPT PACKING pc=0x000001667394f860 sp=0x0000001b0ddfdc40
Event: 1.146 Thread 0x00000166639bc0b0 DEOPT UNPACKING pc=0x00000166733c46a2 sp=0x0000001b0ddfdb78 mode 2
Event: 1.217 Thread 0x00000166639bc0b0 Uncommon trap: trap_request=0xffffffde fr.pc=0x000001667394f860 relative=0x0000000000000b00
Event: 1.217 Thread 0x00000166639bc0b0 Uncommon trap: reason=class_check action=maybe_recompile pc=0x000001667394f860 method=java.util.HashMap.putVal(ILjava/lang/Object;Ljava/lang/Object;ZZ)Ljava/lang/Object; @ 91 c2
Event: 1.217 Thread 0x00000166639bc0b0 DEOPT PACKING pc=0x000001667394f860 sp=0x0000001b0ddfdc40
Event: 1.217 Thread 0x00000166639bc0b0 DEOPT UNPACKING pc=0x00000166733c46a2 sp=0x0000001b0ddfdb78 mode 2

Classes loaded (20 events):
Event: 1.067 Loading class java/time/Month
Event: 1.068 Loading class java/time/Month done
Event: 1.068 Loading class java/time/DayOfWeek
Event: 1.068 Loading class java/time/DayOfWeek done
Event: 1.068 Loading class java/time/zone/ZoneOffsetTransitionRule$TimeDefinition
Event: 1.069 Loading class java/time/zone/ZoneOffsetTransitionRule$TimeDefinition done
Event: 1.070 Loading class java/time/zone/ZoneOffsetTransition
Event: 1.071 Loading class java/time/zone/ZoneOffsetTransition done
Event: 1.072 Loading class sun/util/cldr/CLDRBaseLocaleDataMetaInfo$TZCanonicalIDMapHolder
Event: 1.072 Loading class sun/util/cldr/CLDRBaseLocaleDataMetaInfo$TZCanonicalIDMapHolder done
Event: 1.074 Loading class sun/util/resources/TimeZoneNames
Event: 1.074 Loading class sun/reflect/generics/reflectiveObjects/TypeVariableImpl
Event: 1.075 Loading class sun/reflect/generics/reflectiveObjects/LazyReflectiveObjectGenerator
Event: 1.075 Loading class sun/util/resources/TimeZoneNames done
Event: 1.075 Loading class sun/reflect/generics/reflectiveObjects/LazyReflectiveObjectGenerator done
Event: 1.075 Loading class sun/reflect/generics/reflectiveObjects/TypeVariableImpl done
Event: 1.075 Loading class sun/reflect/generics/reflectiveObjects/ParameterizedTypeImpl
Event: 1.075 Loading class sun/reflect/generics/reflectiveObjects/ParameterizedTypeImpl done
Event: 1.075 Loading class sun/util/resources/TimeZoneNames_en
Event: 1.075 Loading class sun/util/resources/TimeZoneNames_en done

Classes unloaded (0 events):
No events

Classes redefined (0 events):
No events

Internal exceptions (19 events):
Event: 0.224 Thread 0x00000166639bc0b0 Exception <a 'java/lang/NoSuchMethodError'{0x000000074e303c90}: 'void java.lang.invoke.DirectMethodHandle$Holder.invokeStatic(java.lang.Object, java.lang.Object, java.lang.Object)'> (0x000000074e303c90) 
thrown [s\open\src\hotspot\share\interpreter\linkResolver.cpp, line 773]
Event: 0.231 Thread 0x00000166639bc0b0 Exception <a 'java/lang/NoSuchMethodError'{0x000000074e31b198}: 'java.lang.Object java.lang.invoke.Invokers$Holder.invokeExact_MT(java.lang.Object, java.lang.Object, java.lang.Object, java.lang.Object, java.lang.Object)'> (0x000000074e31b198) 
thrown [s\open\src\hotspot\share\interpreter\linkResolver.cpp, line 773]
Event: 0.249 Thread 0x000001667fa34460 Exception <a 'java/lang/NoSuchMethodError'{0x000000074e35b580}: 'void java.lang.invoke.DirectMethodHandle$Holder.invokeStatic(java.lang.Object, java.lang.Object)'> (0x000000074e35b580) 
thrown [s\open\src\hotspot\share\interpreter\linkResolver.cpp, line 773]
Event: 0.269 Thread 0x00000166639bc0b0 Exception <a 'java/lang/NoSuchMethodError'{0x000000074e00bae8}: 'int java.lang.invoke.DirectMethodHandle$Holder.invokeSpecial(java.lang.Object, java.lang.Object, java.lang.Object)'> (0x000000074e00bae8) 
thrown [s\open\src\hotspot\share\interpreter\linkResolver.cpp, line 773]
Event: 0.393 Thread 0x00000166639bc0b0 Exception <a 'java/lang/NullPointerException'{0x000000074de727f0}> (0x000000074de727f0) 
thrown [s\open\src\hotspot\share\interpreter\linkResolver.cpp, line 1372]
Event: 0.442 Thread 0x00000166639bc0b0 Exception <a 'sun/nio/fs/WindowsException'{0x000000074def76b0}> (0x000000074def76b0) 
thrown [s\open\src\hotspot\share\prims\jni.cpp, line 520]
Event: 0.443 Thread 0x00000166639bc0b0 Exception <a 'sun/nio/fs/WindowsException'{0x000000074def7d30}> (0x000000074def7d30) 
thrown [s\open\src\hotspot\share\prims\jni.cpp, line 520]
Event: 0.443 Thread 0x00000166639bc0b0 Exception <a 'sun/nio/fs/WindowsException'{0x000000074def8288}> (0x000000074def8288) 
thrown [s\open\src\hotspot\share\prims\jni.cpp, line 520]
Event: 0.443 Thread 0x00000166639bc0b0 Exception <a 'sun/nio/fs/WindowsException'{0x000000074def8790}> (0x000000074def8790) 
thrown [s\open\src\hotspot\share\prims\jni.cpp, line 520]
Event: 0.443 Thread 0x00000166639bc0b0 Exception <a 'sun/nio/fs/WindowsException'{0x000000074def8c50}> (0x000000074def8c50) 
thrown [s\open\src\hotspot\share\prims\jni.cpp, line 520]
Event: 0.593 Thread 0x00000166639bc0b0 Exception <a 'java/lang/NoSuchMethodError'{0x000000074dd215f8}: 'java.lang.Object java.lang.invoke.DirectMethodHandle$Holder.invokeSpecialIFC(java.lang.Object, java.lang.Object, java.lang.Object, java.lang.Object)'> (0x000000074dd215f8) 
thrown [s\open\src\hotspot\share\interpreter\linkResolver.cpp, line 773]
Event: 0.804 Thread 0x00000166639bc0b0 Exception <a 'java/lang/NoSuchMethodError'{0x000000074d6a5bf0}: 'void java.lang.invoke.DirectMethodHandle$Holder.invokeSpecial(java.lang.Object, java.lang.Object, java.lang.Object)'> (0x000000074d6a5bf0) 
thrown [s\open\src\hotspot\share\interpreter\linkResolver.cpp, line 773]
Event: 0.840 Thread 0x00000166639bc0b0 Exception <a 'java/lang/NoSuchMethodError'{0x000000074d7ee860}: 'java.lang.Object java.lang.invoke.DirectMethodHandle$Holder.invokeInterface(java.lang.Object, java.lang.Object)'> (0x000000074d7ee860) 
thrown [s\open\src\hotspot\share\interpreter\linkResolver.cpp, line 773]
Event: 0.856 Thread 0x00000166639bc0b0 Exception <a 'java/lang/NoSuchMethodError'{0x000000074d485a08}: 'int java.lang.invoke.DirectMethodHandle$Holder.invokeStatic(java.lang.Object, java.lang.Object, java.lang.Object, java.lang.Object)'> (0x000000074d485a08) 
thrown [s\open\src\hotspot\share\interpreter\linkResolver.cpp, line 773]
Event: 0.857 Thread 0x00000166639bc0b0 Exception <a 'java/lang/NoSuchMethodError'{0x000000074d489088}: 'java.lang.Object java.lang.invoke.Invokers$Holder.invokeExact_MT(java.lang.Object, java.lang.Object, java.lang.Object, java.lang.Object, java.lang.Object, java.lang.Object)'> (0x000000074d489088) 
thrown [s\open\src\hotspot\share\interpreter\linkResolver.cpp, line 773]
Event: 0.859 Thread 0x00000166639bc0b0 Exception <a 'java/lang/NoSuchMethodError'{0x000000074d497860}: 'int java.lang.invoke.DirectMethodHandle$Holder.invokeSpecialIFC(java.lang.Object, java.lang.Object, java.lang.Object, java.lang.Object, java.lang.Object)'> (0x000000074d497860) 
thrown [s\open\src\hotspot\share\interpreter\linkResolver.cpp, line 773]
Event: 0.908 Thread 0x00000166639bc0b0 Exception <a 'java/lang/NoSuchMethodError'{0x000000074d21b9b0}: 'java.lang.Object java.lang.invoke.DirectMethodHandle$Holder.newInvokeSpecial(java.lang.Object, java.lang.Object, java.lang.Object, java.lang.Object, java.lang.Object)'> (0x000000074d21b9b0) 
thrown [s\open\src\hotspot\share\interpreter\linkResolver.cpp, line 773]
Event: 0.938 Thread 0x00000166639bc0b0 Exception <a 'java/lang/NoSuchMethodError'{0x000000074d316b60}: 'int java.lang.invoke.DirectMethodHandle$Holder.invokeStaticInit(java.lang.Object, java.lang.Object)'> (0x000000074d316b60) 
thrown [s\open\src\hotspot\share\interpreter\linkResolver.cpp, line 773]
Event: 0.947 Thread 0x00000166639bc0b0 Exception <a 'java/lang/NoClassDefFoundError'{0x000000074d34bf10}: javax/enterprise/inject/Typed> (0x000000074d34bf10) 
thrown [s\open\src\hotspot\share\classfile\systemDictionary.cpp, line 301]

ZGC Phase Switch (0 events):
No events

VM Operations (10 events):
Event: 0.125 Executing VM operation: HandshakeAllThreads (Deoptimize)
Event: 0.125 Executing VM operation: HandshakeAllThreads (Deoptimize) done
Event: 0.391 Executing VM operation: HandshakeAllThreads (Deoptimize)
Event: 0.391 Executing VM operation: HandshakeAllThreads (Deoptimize) done
Event: 0.404 Executing VM operation: HandshakeAllThreads (Deoptimize)
Event: 0.404 Executing VM operation: HandshakeAllThreads (Deoptimize) done
Event: 0.912 Executing VM operation: ICBufferFull
Event: 0.912 Executing VM operation: ICBufferFull done
Event: 0.997 Executing VM operation: G1CollectForAllocation (G1 Evacuation Pause)
Event: 1.003 Executing VM operation: G1CollectForAllocation (G1 Evacuation Pause) done

Events (13 events):
Event: 0.035 Thread 0x00000166639bc0b0 Thread added: 0x00000166639bc0b0
Event: 0.069 Thread 0x000001667f6c2b20 Thread added: 0x000001667f6c2b20
Event: 0.069 Thread 0x000001667f6c3b90 Thread added: 0x000001667f6c3b90
Event: 0.069 Thread 0x000001667f6c5940 Thread added: 0x000001667f6c5940
Event: 0.069 Thread 0x000001667f6c63a0 Thread added: 0x000001667f6c63a0
Event: 0.070 Thread 0x000001667f6c9090 Thread added: 0x000001667f6c9090
Event: 0.070 Thread 0x000001667f6ca290 Thread added: 0x000001667f6ca290
Event: 0.070 Thread 0x000001667f6d1880 Thread added: 0x000001667f6d1880
Event: 0.070 Thread 0x000001667f6f5280 Thread added: 0x000001667f6f5280
Event: 0.111 Thread 0x000001667f68e1e0 Thread added: 0x000001667f68e1e0
Event: 0.236 Thread 0x000001667fa34460 Thread added: 0x000001667fa34460
Event: 0.236 Thread 0x000001667fa34ad0 Thread added: 0x000001667fa34ad0
Event: 0.282 Thread 0x000001667fa08a70 Thread added: 0x000001667fa08a70


Dynamic libraries:
0x00007ff6849e0000 - 0x00007ff6849f0000 	E:\Program Files\Java\jdk-21\bin\java.exe
0x00007ff8dd410000 - 0x00007ff8dd608000 	C:\Windows\SYSTEM32\ntdll.dll
0x00007ff8dcc40000 - 0x00007ff8dcd02000 	C:\Windows\System32\KERNEL32.DLL
0x00007ff8dad90000 - 0x00007ff8db08f000 	C:\Windows\System32\KERNELBASE.dll
0x00007ff8daab0000 - 0x00007ff8dabb0000 	C:\Windows\System32\ucrtbase.dll
0x00007ff8bdbb0000 - 0x00007ff8bdbc9000 	E:\Program Files\Java\jdk-21\bin\jli.dll
0x00007ff8dc700000 - 0x00007ff8dc7af000 	C:\Windows\System32\ADVAPI32.dll
0x00007ff8c0200000 - 0x00007ff8c021b000 	E:\Program Files\Java\jdk-21\bin\VCRUNTIME140.dll
0x00007ff8db580000 - 0x00007ff8db61e000 	C:\Windows\System32\msvcrt.dll
0x00007ff8dc830000 - 0x00007ff8dc8cf000 	C:\Windows\System32\sechost.dll
0x00007ff8dca00000 - 0x00007ff8dcb23000 	C:\Windows\System32\RPCRT4.dll
0x00007ff8db330000 - 0x00007ff8db357000 	C:\Windows\System32\bcrypt.dll
0x00007ff8dc560000 - 0x00007ff8dc6fd000 	C:\Windows\System32\USER32.dll
0x00007ff8db400000 - 0x00007ff8db422000 	C:\Windows\System32\win32u.dll
0x00007ff8dcc10000 - 0x00007ff8dcc3b000 	C:\Windows\System32\GDI32.dll
0x00007ff8c0b70000 - 0x00007ff8c0e0a000 	C:\Windows\WinSxS\amd64_microsoft.windows.common-controls_6595b64144ccf1df_6.0.19041.4355_none_60b8b9eb71f62e16\COMCTL32.dll
0x00007ff8dabb0000 - 0x00007ff8dacca000 	C:\Windows\System32\gdi32full.dll
0x00007ff8db360000 - 0x00007ff8db3fd000 	C:\Windows\System32\msvcp_win.dll
0x00007ff8d5390000 - 0x00007ff8d539a000 	C:\Windows\SYSTEM32\VERSION.dll
0x00007ff8dc380000 - 0x00007ff8dc3af000 	C:\Windows\System32\IMM32.DLL
0x00007ff8d5ca0000 - 0x00007ff8d5cac000 	E:\Program Files\Java\jdk-21\bin\vcruntime140_1.dll
0x00007ff890e70000 - 0x00007ff890efe000 	E:\Program Files\Java\jdk-21\bin\msvcp140.dll
0x00007ff825940000 - 0x00007ff82664d000 	E:\Program Files\Java\jdk-21\bin\server\jvm.dll
0x00007ff8dc310000 - 0x00007ff8dc37b000 	C:\Windows\System32\WS2_32.dll
0x00007ff8da040000 - 0x00007ff8da08b000 	C:\Windows\SYSTEM32\POWRPROF.dll
0x00007ff8c81d0000 - 0x00007ff8c81f7000 	C:\Windows\SYSTEM32\WINMM.dll
0x00007ff8d9eb0000 - 0x00007ff8d9ec2000 	C:\Windows\SYSTEM32\UMPDC.dll
0x00007ff8d9300000 - 0x00007ff8d9312000 	C:\Windows\SYSTEM32\kernel.appcore.dll
0x00007ff8bdba0000 - 0x00007ff8bdbaa000 	E:\Program Files\Java\jdk-21\bin\jimage.dll
0x00007ff8d8680000 - 0x00007ff8d8864000 	C:\Windows\SYSTEM32\DBGHELP.DLL
0x00007ff8b66c0000 - 0x00007ff8b66f4000 	C:\Windows\SYSTEM32\dbgcore.DLL
0x00007ff8db1f0000 - 0x00007ff8db272000 	C:\Windows\System32\bcryptPrimitives.dll
0x00007ff8af410000 - 0x00007ff8af41f000 	E:\Program Files\Java\jdk-21\bin\instrument.dll
0x00007ff8ae790000 - 0x00007ff8ae7af000 	E:\Program Files\Java\jdk-21\bin\java.dll
0x00007ff8dbb40000 - 0x00007ff8dc2ad000 	C:\Windows\System32\SHELL32.dll
0x00007ff8d8b10000 - 0x00007ff8d92b4000 	C:\Windows\SYSTEM32\windows.storage.dll
0x00007ff8db620000 - 0x00007ff8db975000 	C:\Windows\System32\combase.dll
0x00007ff8da4e0000 - 0x00007ff8da50b000 	C:\Windows\SYSTEM32\Wldp.dll
0x00007ff8dce20000 - 0x00007ff8dceed000 	C:\Windows\System32\OLEAUT32.dll
0x00007ff8db4c0000 - 0x00007ff8db56d000 	C:\Windows\System32\SHCORE.dll
0x00007ff8dd370000 - 0x00007ff8dd3c5000 	C:\Windows\System32\shlwapi.dll
0x00007ff8da9e0000 - 0x00007ff8daa05000 	C:\Windows\SYSTEM32\profapi.dll
0x00007ff869160000 - 0x00007ff869237000 	E:\Program Files\Java\jdk-21\bin\jsvml.dll
0x00007ff8a93d0000 - 0x00007ff8a93e8000 	E:\Program Files\Java\jdk-21\bin\zip.dll
0x00007ff8a4260000 - 0x00007ff8a4270000 	E:\Program Files\Java\jdk-21\bin\net.dll
0x00007ff8d2570000 - 0x00007ff8d267a000 	C:\Windows\SYSTEM32\WINHTTP.dll
0x00007ff8da240000 - 0x00007ff8da2ac000 	C:\Windows\system32\mswsock.dll
0x00007ff8a01b0000 - 0x00007ff8a01c6000 	E:\Program Files\Java\jdk-21\bin\nio.dll
0x00007ff8a0190000 - 0x00007ff8a01aa000 	C:\Program Files\JetBrains\IntelliJ IDEA Community Edition 2024.1.3\bin\breakgen64.dll
0x00007ff8a2b40000 - 0x00007ff8a2b49000 	E:\Program Files\Java\jdk-21\bin\extnet.dll
0x0000000069ac0000 - 0x0000000069ae4000 	C:\Users\Egor\AppData\Local\Temp\jansi-2.4.0-a962fb2061cca99-jansi.dll
0x00007ff8a1b40000 - 0x00007ff8a1b50000 	E:\Program Files\Java\jdk-21\bin\verify.dll

dbghelp: loaded successfully - version: 4.0.5 - missing functions: none
symbol engine: initialized successfully - sym options: 0x614 - pdb path: .;E:\Program Files\Java\jdk-21\bin;C:\Windows\SYSTEM32;C:\Windows\WinSxS\amd64_microsoft.windows.common-controls_6595b64144ccf1df_6.0.19041.4355_none_60b8b9eb71f62e16;E:\Program Files\Java\jdk-21\bin\server;C:\Program Files\JetBrains\IntelliJ IDEA Community Edition 2024.1.3\bin;C:\Users\Egor\AppData\Local\Temp

VM Arguments:
jvm_args: -Dmaven.multiModuleProjectDirectory=C:\Users\Egor\Plugins\PlasmoRadio -Djansi.passthrough=true -Dmaven.home=C:\Program Files\JetBrains\IntelliJ IDEA Community Edition 2024.1.3\plugins\maven\lib\maven3 -Dclassworlds.conf=C:\Program Files\JetBrains\IntelliJ IDEA Community Edition 2024.1.3\plugins\maven\lib\maven3\bin\m2.conf -Dmaven.ext.class.path=C:\Program Files\JetBrains\IntelliJ IDEA Community Edition 2024.1.3\plugins\maven\lib\maven-event-listener.jar -javaagent:C:\Program Files\JetBrains\IntelliJ IDEA Community Edition 2024.1.3\lib\idea_rt.jar=44103:C:\Program Files\JetBrains\IntelliJ IDEA Community Edition 2024.1.3\bin -Dfile.encoding=UTF-8 -Dsun.stdout.encoding=UTF-8 -Dsun.stderr.encoding=UTF-8 
java_command: org.codehaus.classworlds.Launcher -Didea.version=2024.1.3 package
java_class_path (initial): C:\Program Files\JetBrains\IntelliJ IDEA Community Edition 2024.1.3\plugins\maven\lib\maven3\boot\plexus-classworlds-2.7.0.jar;C:\Program Files\JetBrains\IntelliJ IDEA Community Edition 2024.1.3\plugins\maven\lib\maven3\boot\plexus-classworlds.license
Launcher Type: SUN_STANDARD

[Global flags]
     intx CICompilerCount                          = 4                                         {product} {ergonomic}
     uint ConcGCThreads                            = 2                                         {product} {ergonomic}
     uint G1ConcRefinementThreads                  = 8                                         {product} {ergonomic}
   size_t G1HeapRegionSize                         = 2097152                                   {product} {ergonomic}
    uintx GCDrainStackTargetSize                   = 64                                        {product} {ergonomic}
   size_t InitialHeapSize                          = 199229440                                 {product} {ergonomic}
   size_t MarkStackSize                            = 4194304                                   {product} {ergonomic}
   size_t MaxHeapSize                              = 3179282432                                {product} {ergonomic}
   size_t MaxNewSize                               = 1906311168                                {product} {ergonomic}
   size_t MinHeapDeltaBytes                        = 2097152                                   {product} {ergonomic}
   size_t MinHeapSize                              = 8388608                                   {product} {ergonomic}
    uintx NonNMethodCodeHeapSize                   = 5839372                                {pd product} {ergonomic}
    uintx NonProfiledCodeHeapSize                  = 122909434                              {pd product} {ergonomic}
    uintx ProfiledCodeHeapSize                     = 122909434                              {pd product} {ergonomic}
    uintx ReservedCodeCacheSize                    = 251658240                              {pd product} {ergonomic}
     bool SegmentedCodeCache                       = true                                      {product} {ergonomic}
   size_t SoftMaxHeapSize                          = 3179282432                             {manageable} {ergonomic}
     bool UseCompressedOops                        = true                           {product lp64_product} {ergonomic}
     bool UseG1GC                                  = true                                      {product} {ergonomic}
     bool UseLargePagesIndividualAllocation        = false                                  {pd product} {ergonomic}

Logging:
Log output configuration:
 #0: stdout all=warning uptime,level,tags foldmultilines=false
 #1: stderr all=off uptime,level,tags foldmultilines=false

Environment Variables:
JAVA_HOME=C:\Program Files\BellSoft\LibericaJDK-21\
PATH=C:\Program Files\BellSoft\LibericaJDK-21\bin\;C:\Program Files\Common Files\Oracle\Java\javapath;C:\Windows\system32;C:\Windows;C:\Windows\System32\Wbem;C:\Windows\System32\WindowsPowerShell\v1.0\;C:\Windows\System32\OpenSSH\;C:\Program Files\NVIDIA Corporation\NVIDIA app\NvDLISR;C:\Program Files (x86)\NVIDIA Corporation\PhysX\Common;C:\Program Files\playit_gg\bin\;C:\Program Files\Git\cmd;C:\Program Files\dotnet\;C:\Program Files\nodejs\;C:\ProgramData\chocolatey\bin;C:\Program Files (x86)\Windows Kits\10\Windows Performance Toolkit\;C:\Users\Egor\.cargo\bin;C:\Users\Egor\AppData\Local\Programs\Python\Python312\Scripts\;C:\Users\Egor\AppData\Local\Programs\Python\Python312\;C:\Users\Egor\AppData\Local\Microsoft\WindowsApps;;C:\Program Files\JetBrains\IntelliJ IDEA Community Edition 2024.1.3\bin;;E:\Program Files\Microsoft VS Code\bin;C:\Users\Egor\.dotnet\tools;C:\Users\Egor\AppData\Roaming\npm;C:\Program Files\heroku\bin
USERNAME=Egor
OS=Windows_NT
PROCESSOR_IDENTIFIER=Intel64 Family 6 Model 158 Stepping 10, GenuineIntel
TMP=C:\Users\Egor\AppData\Local\Temp
TEMP=C:\Users\Egor\AppData\Local\Temp




Periodic native trim disabled

---------------  S Y S T E M  ---------------

OS:
 Windows 10 , 64 bit Build 19041 (10.0.19041.5438)
OS uptime: 1 days 10:31 hours

CPU: total 8 (initial active 8) (4 cores per cpu, 2 threads per core) family 6 model 158 stepping 10 microcode 0xcc, cx8, cmov, fxsr, ht, mmx, 3dnowpref, sse, sse2, sse3, ssse3, sse4.1, sse4.2, popcnt, lzcnt, tsc, tscinvbit, avx, avx2, aes, erms, clmul, bmi1, bmi2, adx, fma, vzeroupper, clflush, clflushopt, rdtscp, f16c
Processor Information for all 8 processors :
  Max Mhz: 2400, Current Mhz: 2400, Mhz Limit: 2400

Memory: 4k page, system-wide physical 12125M (662M free)
TotalPageFile size 22125M (AvailPageFile size 162M)
current process WorkingSet (physical memory assigned to process): 89M, peak: 91M
current process commit charge ("private bytes"): 297M, peak: 299M

vm_info: Java HotSpot(TM) 64-Bit Server VM (21.0.3+7-LTS-152) for windows-amd64 JRE (21.0.3+7-LTS-152), built on 2024-03-11T17:42:26Z by "mach5one" with MS VC++ 17.6 (VS2022)

END.
