#
# There is insufficient memory for the Java Runtime Environment to continue.
# Native memory allocation (malloc) failed to allocate 1121376 bytes for Chunk::new
# Possible reasons:
#   The system is out of physical RAM or swap space
#   The process is running with CompressedOops enabled, and the Java Heap may be blocking the growth of the native heap
# Possible solutions:
#   Reduce memory load on the system
#   Increase physical memory or swap space
#   Check if swap backing store is full
#   Decrease Java heap size (-Xmx/-Xms)
#   Decrease number of Java threads
#   Decrease Java thread stack sizes (-Xss)
#   Set larger code cache with -XX:ReservedCodeCacheSize=
#   JVM is running with Zero Based Compressed Oops mode in which the Java heap is
#     placed in the first 32GB address space. The Java Heap base address is the
#     maximum limit for the native heap growth. Please use -XX:HeapBaseMinAddress
#     to set the Java Heap base and to place the Java Heap above 32GB virtual address.
# This output file may be truncated or incomplete.
#
#  Out of Memory Error (arena.cpp:168), pid=10112, tid=11968
#
# JRE version: Java(TM) SE Runtime Environment (21.0.3+7) (build 21.0.3+7-LTS-152)
# Java VM: Java HotSpot(TM) 64-Bit Server VM (21.0.3+7-LTS-152, mixed mode, sharing, tiered, compressed oops, compressed class ptrs, g1 gc, windows-amd64)
# No core dump will be written. Minidumps are not enabled by default on client versions of Windows
#

---------------  S U M M A R Y ------------

Command Line: -Dmaven.multiModuleProjectDirectory=C:\Users\Egor\Plugins\PlasmoRadio -Djansi.passthrough=true -Dmaven.home=C:\Program Files\JetBrains\IntelliJ IDEA Community Edition 2024.1.3\plugins\maven\lib\maven3 -Dclassworlds.conf=C:\Program Files\JetBrains\IntelliJ IDEA Community Edition 2024.1.3\plugins\maven\lib\maven3\bin\m2.conf -Dmaven.ext.class.path=C:\Program Files\JetBrains\IntelliJ IDEA Community Edition 2024.1.3\plugins\maven\lib\maven-event-listener.jar -javaagent:C:\Program Files\JetBrains\IntelliJ IDEA Community Edition 2024.1.3\lib\idea_rt.jar=53547:C:\Program Files\JetBrains\IntelliJ IDEA Community Edition 2024.1.3\bin -Dfile.encoding=UTF-8 -Dsun.stdout.encoding=UTF-8 -Dsun.stderr.encoding=UTF-8 org.codehaus.classworlds.Launcher -Didea.version=2024.1.3 package

Host: Intel(R) Core(TM) i5-9300H CPU @ 2.40GHz, 8 cores, 11G,  Windows 10 , 64 bit Build 19041 (10.0.19041.5438)
Time: Tue Jun  3 00:44:39 2025  Windows 10 , 64 bit Build 19041 (10.0.19041.5438) elapsed time: 10.277506 seconds (0d 0h 0m 10s)

---------------  T H R E A D  ---------------

Current thread (0x00000256fee47ec0):  JavaThread "C2 CompilerThread0" daemon [_thread_in_native, id=11968, stack(0x000000d5a2c00000,0x000000d5a2d00000) (1024K)]


Current CompileTask:
C2:  10277 8557       4       org.apache.maven.model.inheritance.DefaultInheritanceAssembler$InheritanceModelMerger::mergePluginContainer_Plugins (433 bytes)

Stack: [0x000000d5a2c00000,0x000000d5a2d00000]
Native frames: (J=compiled Java code, j=interpreted, Vv=VM code, C=native code)
V  [jvm.dll+0x6c63b9]
V  [jvm.dll+0x84fa11]
V  [jvm.dll+0x851f3e]
V  [jvm.dll+0x852613]
V  [jvm.dll+0x27cd46]
V  [jvm.dll+0xc4aad]
V  [jvm.dll+0xc4fe3]
V  [jvm.dll+0x2efaff]
V  [jvm.dll+0x5f150a]
V  [jvm.dll+0x24e99f]
V  [jvm.dll+0x24ed7f]
V  [jvm.dll+0x247984]
V  [jvm.dll+0x245014]
V  [jvm.dll+0x1c689e]
V  [jvm.dll+0x254609]
V  [jvm.dll+0x252b9a]
V  [jvm.dll+0x3eb056]
V  [jvm.dll+0x7f9ffb]
V  [jvm.dll+0x6c4a9d]
C  [ucrtbase.dll+0x21bb2]
C  [KERNEL32.DLL+0x17374]
C  [ntdll.dll+0x4cc91]


---------------  P R O C E S S  ---------------

Threads class SMR info:
_java_thread_list=0x00000256d823b230, length=13, elements={
0x00000256f00f3570, 0x00000256fee33070, 0x00000256fee35ea0, 0x00000256fee37a70,
0x00000256fee38750, 0x00000256fee391b0, 0x00000256fee3f120, 0x00000256fee47ec0,
0x00000256fee6a980, 0x00000256ff05ff70, 0x00000256ff060600, 0x00000256ff060c90,
0x00000256d6c0e7f0
}

Java Threads: ( => current thread )
  0x00000256f00f3570 JavaThread "main"                              [_thread_in_vm, id=804, stack(0x000000d5a1e00000,0x000000d5a1f00000) (1024K)]
  0x00000256fee33070 JavaThread "Reference Handler"          daemon [_thread_blocked, id=18372, stack(0x000000d5a2600000,0x000000d5a2700000) (1024K)]
  0x00000256fee35ea0 JavaThread "Finalizer"                  daemon [_thread_blocked, id=4928, stack(0x000000d5a2700000,0x000000d5a2800000) (1024K)]
  0x00000256fee37a70 JavaThread "Signal Dispatcher"          daemon [_thread_blocked, id=2592, stack(0x000000d5a2800000,0x000000d5a2900000) (1024K)]
  0x00000256fee38750 JavaThread "Attach Listener"            daemon [_thread_blocked, id=18688, stack(0x000000d5a2900000,0x000000d5a2a00000) (1024K)]
  0x00000256fee391b0 JavaThread "Service Thread"             daemon [_thread_blocked, id=1812, stack(0x000000d5a2a00000,0x000000d5a2b00000) (1024K)]
  0x00000256fee3f120 JavaThread "Monitor Deflation Thread"   daemon [_thread_blocked, id=20736, stack(0x000000d5a2b00000,0x000000d5a2c00000) (1024K)]
=>0x00000256fee47ec0 JavaThread "C2 CompilerThread0"         daemon [_thread_in_native, id=11968, stack(0x000000d5a2c00000,0x000000d5a2d00000) (1024K)]
  0x00000256fee6a980 JavaThread "C1 CompilerThread0"         daemon [_thread_in_native, id=17176, stack(0x000000d5a2d00000,0x000000d5a2e00000) (1024K)]
  0x00000256ff05ff70 JavaThread "Common-Cleaner"             daemon [_thread_blocked, id=22352, stack(0x000000d5a2e00000,0x000000d5a2f00000) (1024K)]
  0x00000256ff060600 JavaThread "Monitor Ctrl-Break"         daemon [_thread_in_native, id=9660, stack(0x000000d5a2f00000,0x000000d5a3000000) (1024K)]
  0x00000256ff060c90 JavaThread "Notification Thread"        daemon [_thread_blocked, id=10292, stack(0x000000d5a3000000,0x000000d5a3100000) (1024K)]
  0x00000256d6c0e7f0 JavaThread "C2 CompilerThread1"         daemon [_thread_in_native, id=10952, stack(0x000000d5a3900000,0x000000d5a3a00000) (1024K)]
Total: 13

Other Threads:
  0x00000256fee179e0 VMThread "VM Thread"                           [id=10256, stack(0x000000d5a2500000,0x000000d5a2600000) (1024K)]
  0x00000256fee00610 WatcherThread "VM Periodic Task Thread"        [id=4316, stack(0x000000d5a2400000,0x000000d5a2500000) (1024K)]
  0x00000256f0243700 WorkerThread "GC Thread#0"                     [id=22212, stack(0x000000d5a1f00000,0x000000d5a2000000) (1024K)]
  0x00000256ffa40210 WorkerThread "GC Thread#1"                     [id=22416, stack(0x000000d5a3200000,0x000000d5a3300000) (1024K)]
  0x00000256d60e2330 WorkerThread "GC Thread#2"                     [id=20876, stack(0x000000d5a3300000,0x000000d5a3400000) (1024K)]
  0x00000256d60e26d0 WorkerThread "GC Thread#3"                     [id=3132, stack(0x000000d5a3400000,0x000000d5a3500000) (1024K)]
  0x00000256d6452e20 WorkerThread "GC Thread#4"                     [id=3212, stack(0x000000d5a3500000,0x000000d5a3600000) (1024K)]
  0x00000256d64531c0 WorkerThread "GC Thread#5"                     [id=11712, stack(0x000000d5a3600000,0x000000d5a3700000) (1024K)]
  0x00000256d6453560 WorkerThread "GC Thread#6"                     [id=19824, stack(0x000000d5a3700000,0x000000d5a3800000) (1024K)]
  0x00000256d63cb4a0 WorkerThread "GC Thread#7"                     [id=16348, stack(0x000000d5a3800000,0x000000d5a3900000) (1024K)]
  0x00000256f0250520 ConcurrentGCThread "G1 Main Marker"            [id=9228, stack(0x000000d5a2000000,0x000000d5a2100000) (1024K)]
  0x00000256f02516d0 WorkerThread "G1 Conc#0"                       [id=22640, stack(0x000000d5a2100000,0x000000d5a2200000) (1024K)]
  0x00000256d694ccc0 WorkerThread "G1 Conc#1"                       [id=10156, stack(0x000000d5a3100000,0x000000d5a3200000) (1024K)]
  0x00000256f02be4b0 ConcurrentGCThread "G1 Refine#0"               [id=14596, stack(0x000000d5a2200000,0x000000d5a2300000) (1024K)]
  0x00000256fecd10a0 ConcurrentGCThread "G1 Service"                [id=3620, stack(0x000000d5a2300000,0x000000d5a2400000) (1024K)]
Total: 15

Threads with active compile tasks:
C2 CompilerThread0    10321 8557       4       org.apache.maven.model.inheritance.DefaultInheritanceAssembler$InheritanceModelMerger::mergePluginContainer_Plugins (433 bytes)
C1 CompilerThread0    10321 8814       2       org.eclipse.sisu.space.SpaceScanner$1::visitEnd (10 bytes)
C2 CompilerThread1    10321 8071       4       org.codehaus.plexus.classworlds.realm.ClassRealm::loadClass (7 bytes)
Total: 3

VM state: not at safepoint (normal execution)

VM Mutex/Monitor currently owned by a thread: None

Heap address: 0x0000000742800000, size: 3032 MB, Compressed Oops mode: Zero based, Oop shift amount: 3

CDS archive(s) mapped at: [0x0000025691000000-0x0000025691c90000-0x0000025691c90000), size 13172736, SharedBaseAddress: 0x0000025691000000, ArchiveRelocationMode: 1.
Compressed class space mapped at: 0x0000025692000000-0x00000256d2000000, reserved size: 1073741824
Narrow klass base: 0x0000025691000000, Narrow klass shift: 0, Narrow klass range: 0x100000000

GC Precious Log:
 CardTable entry size: 512
 Card Set container configuration: InlinePtr #cards 4 size 8 Array Of Cards #cards 16 size 48 Howl #buckets 8 coarsen threshold 3686 Howl Bitmap #cards 512 size 80 coarsen threshold 460 Card regions per heap region 1 cards per card region 4096
 CPUs: 8 total, 8 available
 Memory: 12125M
 Large Page Support: Disabled
 NUMA Support: Disabled
 Compressed Oops: Enabled (Zero based)
 Heap Region Size: 2M
 Heap Min Capacity: 8M
 Heap Initial Capacity: 190M
 Heap Max Capacity: 3032M
 Pre-touch: Disabled
 Parallel Workers: 8
 Concurrent Workers: 2
 Concurrent Refinement Workers: 8
 Periodic GC: Disabled

Heap:
 garbage-first heap   total 75776K, used 51124K [0x0000000742800000, 0x0000000800000000)
  region size 2048K, 17 young (34816K), 2 survivors (4096K)
 Metaspace       used 35335K, committed 35840K, reserved 1114112K
  class space    used 3990K, committed 4224K, reserved 1048576K

Heap Regions: E=young(eden), S=young(survivor), O=old, HS=humongous(starts), HC=humongous(continues), CS=collection set, F=free, TAMS=top-at-mark-start, PB=parsable bottom
|   0|0x0000000742800000, 0x0000000742a00000, 0x0000000742a00000|100%| O|  |TAMS 0x0000000742800000| PB 0x0000000742800000| Untracked 
|   1|0x0000000742a00000, 0x0000000742c00000, 0x0000000742c00000|100%| O|  |TAMS 0x0000000742a00000| PB 0x0000000742a00000| Untracked 
|   2|0x0000000742c00000, 0x0000000742dffff8, 0x0000000742e00000| 99%| O|  |TAMS 0x0000000742c00000| PB 0x0000000742c00000| Untracked 
|   3|0x0000000742e00000, 0x0000000742ffffd0, 0x0000000743000000| 99%| O|  |TAMS 0x0000000742e00000| PB 0x0000000742e00000| Untracked 
|   4|0x0000000743000000, 0x00000007431ff948, 0x0000000743200000| 99%| O|  |TAMS 0x0000000743000000| PB 0x0000000743000000| Untracked 
|   5|0x0000000743200000, 0x00000007433fffd0, 0x0000000743400000| 99%| O|  |TAMS 0x0000000743200000| PB 0x0000000743200000| Untracked 
|   6|0x0000000743400000, 0x0000000743518430, 0x0000000743600000| 54%| O|  |TAMS 0x0000000743400000| PB 0x0000000743400000| Untracked 
|   7|0x0000000743600000, 0x0000000743645f88, 0x0000000743800000| 13%| O|  |TAMS 0x0000000743600000| PB 0x0000000743600000| Untracked 
|   8|0x0000000743800000, 0x0000000743800000, 0x0000000743a00000|  0%| F|  |TAMS 0x0000000743800000| PB 0x0000000743800000| Untracked 
|   9|0x0000000743a00000, 0x0000000743a00000, 0x0000000743c00000|  0%| F|  |TAMS 0x0000000743a00000| PB 0x0000000743a00000| Untracked 
|  10|0x0000000743c00000, 0x0000000743e00000, 0x0000000743e00000|100%| O|  |TAMS 0x0000000743c00000| PB 0x0000000743c00000| Untracked 
|  11|0x0000000743e00000, 0x0000000744000000, 0x0000000744000000|100%| O|  |TAMS 0x0000000743e00000| PB 0x0000000743e00000| Untracked 
|  12|0x0000000744000000, 0x0000000744000000, 0x0000000744200000|  0%| F|  |TAMS 0x0000000744000000| PB 0x0000000744000000| Untracked 
|  13|0x0000000744200000, 0x0000000744200000, 0x0000000744400000|  0%| F|  |TAMS 0x0000000744200000| PB 0x0000000744200000| Untracked 
|  14|0x0000000744400000, 0x0000000744400000, 0x0000000744600000|  0%| F|  |TAMS 0x0000000744400000| PB 0x0000000744400000| Untracked 
|  15|0x0000000744600000, 0x000000074468f608, 0x0000000744800000| 28%| S|CS|TAMS 0x0000000744600000| PB 0x0000000744600000| Complete 
|  16|0x0000000744800000, 0x0000000744a00000, 0x0000000744a00000|100%| S|CS|TAMS 0x0000000744800000| PB 0x0000000744800000| Complete 
|  17|0x0000000744a00000, 0x0000000744a00000, 0x0000000744c00000|  0%| F|  |TAMS 0x0000000744a00000| PB 0x0000000744a00000| Untracked 
|  18|0x0000000744c00000, 0x0000000744c00000, 0x0000000744e00000|  0%| F|  |TAMS 0x0000000744c00000| PB 0x0000000744c00000| Untracked 
|  19|0x0000000744e00000, 0x0000000744e00000, 0x0000000745000000|  0%| F|  |TAMS 0x0000000744e00000| PB 0x0000000744e00000| Untracked 
|  20|0x0000000745000000, 0x0000000745000000, 0x0000000745200000|  0%| F|  |TAMS 0x0000000745000000| PB 0x0000000745000000| Untracked 
|  21|0x0000000745200000, 0x0000000745353cd8, 0x0000000745400000| 66%| E|  |TAMS 0x0000000745200000| PB 0x0000000745200000| Complete 
|  22|0x0000000745400000, 0x0000000745600000, 0x0000000745600000|100%| E|CS|TAMS 0x0000000745400000| PB 0x0000000745400000| Complete 
|  23|0x0000000745600000, 0x0000000745800000, 0x0000000745800000|100%| E|CS|TAMS 0x0000000745600000| PB 0x0000000745600000| Complete 
|  24|0x0000000745800000, 0x0000000745a00000, 0x0000000745a00000|100%| E|CS|TAMS 0x0000000745800000| PB 0x0000000745800000| Complete 
|  25|0x0000000745a00000, 0x0000000745c00000, 0x0000000745c00000|100%| E|CS|TAMS 0x0000000745a00000| PB 0x0000000745a00000| Complete 
|  26|0x0000000745c00000, 0x0000000745e00000, 0x0000000745e00000|100%| E|CS|TAMS 0x0000000745c00000| PB 0x0000000745c00000| Complete 
|  27|0x0000000745e00000, 0x0000000746000000, 0x0000000746000000|100%| E|CS|TAMS 0x0000000745e00000| PB 0x0000000745e00000| Complete 
|  28|0x0000000746000000, 0x0000000746200000, 0x0000000746200000|100%| E|CS|TAMS 0x0000000746000000| PB 0x0000000746000000| Complete 
|  29|0x0000000746200000, 0x0000000746400000, 0x0000000746400000|100%| E|CS|TAMS 0x0000000746200000| PB 0x0000000746200000| Complete 
|  30|0x0000000746400000, 0x0000000746600000, 0x0000000746600000|100%| E|CS|TAMS 0x0000000746400000| PB 0x0000000746400000| Complete 
|  31|0x0000000746600000, 0x0000000746800000, 0x0000000746800000|100%| E|CS|TAMS 0x0000000746600000| PB 0x0000000746600000| Complete 
|  32|0x0000000746800000, 0x0000000746a00000, 0x0000000746a00000|100%| E|CS|TAMS 0x0000000746800000| PB 0x0000000746800000| Complete 
|  33|0x0000000746a00000, 0x0000000746c00000, 0x0000000746c00000|100%| E|CS|TAMS 0x0000000746a00000| PB 0x0000000746a00000| Complete 
|  34|0x0000000746c00000, 0x0000000746e00000, 0x0000000746e00000|100%| E|CS|TAMS 0x0000000746c00000| PB 0x0000000746c00000| Complete 
|  35|0x0000000746e00000, 0x0000000747000000, 0x0000000747000000|100%| E|CS|TAMS 0x0000000746e00000| PB 0x0000000746e00000| Complete 
|1515|0x00000007ffe00000, 0x0000000800000000, 0x0000000800000000|100%| O|  |TAMS 0x00000007ffe00000| PB 0x00000007ffe00000| Untracked 

Card table byte_map: [0x00000256fae80000,0x00000256fb470000] _byte_map_base: 0x00000256f746c000

Marking Bits: (CMBitMap*) 0x00000256f0243d10
 Bits: [0x00000256fb470000, 0x00000256fe3d0000)

Polling page: 0x00000256f0080000

Metaspace:

Usage:
  Non-class:     30.61 MB used.
      Class:      3.90 MB used.
       Both:     34.51 MB used.

Virtual space:
  Non-class space:       64.00 MB reserved,      30.88 MB ( 48%) committed,  1 nodes.
      Class space:        1.00 GB reserved,       4.12 MB ( <1%) committed,  1 nodes.
             Both:        1.06 GB reserved,      35.00 MB (  3%) committed. 

Chunk freelists:
   Non-Class:  640.00 KB
       Class:  11.81 MB
        Both:  12.44 MB

MaxMetaspaceSize: unlimited
CompressedClassSpaceSize: 1.00 GB
Initial GC threshold: 21.00 MB
Current GC threshold: 58.06 MB
CDS: on
 - commit_granule_bytes: 65536.
 - commit_granule_words: 8192.
 - virtual_space_node_default_size: 8388608.
 - enlarge_chunks_in_place: 1.
 - use_allocation_guard: 0.


Internal statistics:

num_allocs_failed_limit: 3.
num_arena_births: 452.
num_arena_deaths: 4.
num_vsnodes_births: 2.
num_vsnodes_deaths: 0.
num_space_committed: 574.
num_space_uncommitted: 6.
num_chunks_returned_to_freelist: 79.
num_chunks_taken_from_freelist: 1812.
num_chunk_merges: 20.
num_chunk_splits: 1246.
num_chunks_enlarged: 956.
num_inconsistent_stats: 0.

CodeHeap 'non-profiled nmethods': size=120000Kb used=3302Kb max_used=4321Kb free=116697Kb
 bounds [0x0000025687ad0000, 0x0000025687f10000, 0x000002568f000000]
CodeHeap 'profiled nmethods': size=120000Kb used=14971Kb max_used=17234Kb free=105028Kb
 bounds [0x0000025680000000, 0x00000256810e0000, 0x0000025687530000]
CodeHeap 'non-nmethods': size=5760Kb used=1519Kb max_used=1594Kb free=4240Kb
 bounds [0x0000025687530000, 0x00000256877a0000, 0x0000025687ad0000]
 total_blobs=7759 nmethods=7168 adapters=495
 compilation: enabled
              stopped_count=0, restarted_count=0
 full_count=0

Compilation events (20 events):
Event: 10.166 Thread 0x00000256fee6a980 nmethod 8799 0x0000025680b43010 code [0x0000025680b43560, 0x0000025680b46890]
Event: 10.175 Thread 0x00000256fee6a980 8800   !   3       java.util.jar.Attributes::read (494 bytes)
Event: 10.178 Thread 0x00000256fee6a980 nmethod 8800 0x0000025680531a90 code [0x0000025680532220, 0x0000025680535ba8]
Event: 10.194 Thread 0x00000256fee6a980 8801       2       org.eclipse.sisu.space.FileEntryIterator::toFile (309 bytes)
Event: 10.196 Thread 0x00000256fee6a980 nmethod 8801 0x0000025680433390 code [0x0000025680433660, 0x00000256804341d0]
Event: 10.219 Thread 0x00000256fee6a980 8803       1       org.eclipse.sisu.plexus.PlexusTypeRegistry::getSpace (5 bytes)
Event: 10.219 Thread 0x00000256fee6a980 nmethod 8803 0x0000025687e17090 code [0x0000025687e17220, 0x0000025687e172f0]
Event: 10.227 Thread 0x00000256fee6a980 8804       2       org.eclipse.sisu.plexus.Hints::canonicalHint (22 bytes)
Event: 10.227 Thread 0x00000256fee6a980 nmethod 8804 0x0000025680c2a690 code [0x0000025680c2a840, 0x0000025680c2a988]
Event: 10.245 Thread 0x00000256fee6a980 8805       2       java.nio.file.attribute.FileTime::compareTo (154 bytes)
Event: 10.246 Thread 0x00000256fee6a980 nmethod 8805 0x0000025680eccf90 code [0x0000025680ecd220, 0x0000025680ecd920]
Event: 10.253 Thread 0x00000256fee6a980 8806       2       com.google.inject.internal.ProviderInstanceBindingImpl::withScoping (25 bytes)
Event: 10.253 Thread 0x00000256fee6a980 nmethod 8806 0x0000025680e7de10 code [0x0000025680e7dfe0, 0x0000025680e7e3a8]
Event: 10.254 Thread 0x00000256fee6a980 8807       2       java.util.LinkedHashMap::valuesToArray (80 bytes)
Event: 10.254 Thread 0x00000256fee6a980 nmethod 8807 0x0000025680c78190 code [0x0000025680c78360, 0x0000025680c78778]
Event: 10.254 Thread 0x00000256fee6a980 8808       2       com.google.inject.spi.Elements$RecordingBinder::withSource (6 bytes)
Event: 10.254 Thread 0x00000256fee6a980 nmethod 8808 0x0000025680d78790 code [0x0000025680d78940, 0x0000025680d78a68]
Event: 10.254 Thread 0x00000256fee6a980 8809       2       com.google.inject.spi.Elements$RecordingBinder::withSource (24 bytes)
Event: 10.254 Thread 0x00000256fee6a980 nmethod 8809 0x0000025680ad1e90 code [0x0000025680ad2040, 0x0000025680ad2208]
Event: 10.275 Thread 0x00000256fee6a980 8810       2       com.google.inject.Key::get (13 bytes)

GC Heap History (20 events):
Event: 5.848 GC heap before
{Heap before GC invocations=5 (full 0):
 garbage-first heap   total 83968K, used 60252K [0x0000000742800000, 0x0000000800000000)
  region size 2048K, 23 young (47104K), 8 survivors (16384K)
 Metaspace       used 28305K, committed 28672K, reserved 1114112K
  class space    used 3157K, committed 3328K, reserved 1048576K
}
Event: 5.879 GC heap after
{Heap after GC invocations=6 (full 0):
 garbage-first heap   total 86016K, used 36864K [0x0000000742800000, 0x0000000800000000)
  region size 2048K, 3 young (6144K), 3 survivors (6144K)
 Metaspace       used 28305K, committed 28672K, reserved 1114112K
  class space    used 3157K, committed 3328K, reserved 1048576K
}
Event: 6.422 GC heap before
{Heap before GC invocations=6 (full 0):
 garbage-first heap   total 86016K, used 69632K [0x0000000742800000, 0x0000000800000000)
  region size 2048K, 19 young (38912K), 3 survivors (6144K)
 Metaspace       used 29554K, committed 29952K, reserved 1114112K
  class space    used 3317K, committed 3520K, reserved 1048576K
}
Event: 6.434 GC heap after
{Heap after GC invocations=7 (full 0):
 garbage-first heap   total 86016K, used 37888K [0x0000000742800000, 0x0000000800000000)
  region size 2048K, 1 young (2048K), 1 survivors (2048K)
 Metaspace       used 29554K, committed 29952K, reserved 1114112K
  class space    used 3317K, committed 3520K, reserved 1048576K
}
Event: 6.728 GC heap before
{Heap before GC invocations=7 (full 0):
 garbage-first heap   total 86016K, used 70656K [0x0000000742800000, 0x0000000800000000)
  region size 2048K, 17 young (34816K), 1 survivors (2048K)
 Metaspace       used 30177K, committed 30592K, reserved 1114112K
  class space    used 3395K, committed 3584K, reserved 1048576K
}
Event: 6.736 GC heap after
{Heap after GC invocations=8 (full 0):
 garbage-first heap   total 86016K, used 38800K [0x0000000742800000, 0x0000000800000000)
  region size 2048K, 2 young (4096K), 2 survivors (4096K)
 Metaspace       used 30177K, committed 30592K, reserved 1114112K
  class space    used 3395K, committed 3584K, reserved 1048576K
}
Event: 7.380 GC heap before
{Heap before GC invocations=8 (full 0):
 garbage-first heap   total 86016K, used 71568K [0x0000000742800000, 0x0000000800000000)
  region size 2048K, 18 young (36864K), 2 survivors (4096K)
 Metaspace       used 31945K, committed 32384K, reserved 1114112K
  class space    used 3598K, committed 3776K, reserved 1048576K
}
Event: 7.393 GC heap after
{Heap after GC invocations=9 (full 0):
 garbage-first heap   total 110592K, used 40432K [0x0000000742800000, 0x0000000800000000)
  region size 2048K, 3 young (6144K), 3 survivors (6144K)
 Metaspace       used 31945K, committed 32384K, reserved 1114112K
  class space    used 3598K, committed 3776K, reserved 1048576K
}
Event: 8.447 GC heap before
{Heap before GC invocations=9 (full 0):
 garbage-first heap   total 110592K, used 93680K [0x0000000742800000, 0x0000000800000000)
  region size 2048K, 23 young (47104K), 3 survivors (6144K)
 Metaspace       used 34739K, committed 35264K, reserved 1114112K
  class space    used 3945K, committed 4160K, reserved 1048576K
}
Event: 8.455 GC heap after
{Heap after GC invocations=10 (full 0):
 garbage-first heap   total 110592K, used 57991K [0x0000000742800000, 0x0000000800000000)
  region size 2048K, 4 young (8192K), 4 survivors (8192K)
 Metaspace       used 34739K, committed 35264K, reserved 1114112K
  class space    used 3945K, committed 4160K, reserved 1048576K
}
Event: 9.004 GC heap before
{Heap before GC invocations=11 (full 0):
 garbage-first heap   total 122880K, used 96903K [0x0000000742800000, 0x0000000800000000)
  region size 2048K, 20 young (40960K), 4 survivors (8192K)
 Metaspace       used 36004K, committed 36480K, reserved 1114112K
  class space    used 4066K, committed 4288K, reserved 1048576K
}
Event: 9.054 GC heap after
{Heap after GC invocations=12 (full 1):
 garbage-first heap   total 81920K, used 20232K [0x0000000742800000, 0x0000000800000000)
  region size 2048K, 0 young (0K), 0 survivors (0K)
 Metaspace       used 34548K, committed 35584K, reserved 1114112K
  class space    used 3895K, committed 4224K, reserved 1048576K
}
Event: 9.055 GC heap before
{Heap before GC invocations=12 (full 1):
 garbage-first heap   total 81920K, used 20232K [0x0000000742800000, 0x0000000800000000)
  region size 2048K, 0 young (0K), 0 survivors (0K)
 Metaspace       used 34548K, committed 35584K, reserved 1114112K
  class space    used 3895K, committed 4224K, reserved 1048576K
}
Event: 9.092 GC heap after
{Heap after GC invocations=13 (full 2):
 garbage-first heap   total 75776K, used 19809K [0x0000000742800000, 0x0000000800000000)
  region size 2048K, 0 young (0K), 0 survivors (0K)
 Metaspace       used 34548K, committed 35584K, reserved 1114112K
  class space    used 3895K, committed 4224K, reserved 1048576K
}
Event: 9.106 GC heap before
{Heap before GC invocations=13 (full 2):
 garbage-first heap   total 75776K, used 19809K [0x0000000742800000, 0x0000000800000000)
  region size 2048K, 1 young (2048K), 0 survivors (0K)
 Metaspace       used 34597K, committed 35648K, reserved 1114112K
  class space    used 3905K, committed 4224K, reserved 1048576K
}
Event: 9.146 GC heap after
{Heap after GC invocations=14 (full 3):
 garbage-first heap   total 75776K, used 19831K [0x0000000742800000, 0x0000000800000000)
  region size 2048K, 0 young (0K), 0 survivors (0K)
 Metaspace       used 34597K, committed 35648K, reserved 1114112K
  class space    used 3905K, committed 4224K, reserved 1048576K
}
Event: 9.146 GC heap before
{Heap before GC invocations=14 (full 3):
 garbage-first heap   total 75776K, used 19831K [0x0000000742800000, 0x0000000800000000)
  region size 2048K, 0 young (0K), 0 survivors (0K)
 Metaspace       used 34597K, committed 35648K, reserved 1114112K
  class space    used 3905K, committed 4224K, reserved 1048576K
}
Event: 9.183 GC heap after
{Heap after GC invocations=15 (full 4):
 garbage-first heap   total 75776K, used 19831K [0x0000000742800000, 0x0000000800000000)
  region size 2048K, 0 young (0K), 0 survivors (0K)
 Metaspace       used 34597K, committed 35648K, reserved 1114112K
  class space    used 3905K, committed 4224K, reserved 1048576K
}
Event: 9.743 GC heap before
{Heap before GC invocations=15 (full 4):
 garbage-first heap   total 75776K, used 58743K [0x0000000742800000, 0x0000000800000000)
  region size 2048K, 19 young (38912K), 0 survivors (0K)
 Metaspace       used 34792K, committed 35648K, reserved 1114112K
  class space    used 3905K, committed 4224K, reserved 1048576K
}
Event: 9.746 GC heap after
{Heap after GC invocations=16 (full 4):
 garbage-first heap   total 75776K, used 22452K [0x0000000742800000, 0x0000000800000000)
  region size 2048K, 2 young (4096K), 2 survivors (4096K)
 Metaspace       used 34792K, committed 35648K, reserved 1114112K
  class space    used 3905K, committed 4224K, reserved 1048576K
}

Dll operation events (12 events):
Event: 0.016 Loaded shared library E:\Program Files\Java\jdk-21\bin\java.dll
Event: 0.054 Loaded shared library E:\Program Files\Java\jdk-21\bin\jsvml.dll
Event: 0.097 Loaded shared library E:\Program Files\Java\jdk-21\bin\zip.dll
Event: 0.101 Loaded shared library E:\Program Files\Java\jdk-21\bin\instrument.dll
Event: 0.106 Loaded shared library E:\Program Files\Java\jdk-21\bin\net.dll
Event: 0.108 Loaded shared library E:\Program Files\Java\jdk-21\bin\nio.dll
Event: 0.111 Loaded shared library E:\Program Files\Java\jdk-21\bin\zip.dll
Event: 0.124 Loaded shared library C:\Program Files\JetBrains\IntelliJ IDEA Community Edition 2024.1.3\bin\breakgen64.dll
Event: 0.134 Loaded shared library E:\Program Files\Java\jdk-21\bin\extnet.dll
Event: 0.247 Loaded shared library E:\Program Files\Java\jdk-21\bin\jimage.dll
Event: 0.270 Loaded shared library C:\Users\Egor\AppData\Local\Temp\jansi-2.4.0-3cce422870a1cc0f-jansi.dll
Event: 0.280 Loaded shared library E:\Program Files\Java\jdk-21\bin\verify.dll

Deoptimization events (20 events):
Event: 10.111 Thread 0x00000256f00f3570 Uncommon trap: trap_request=0xffffffd6 fr.pc=0x0000025687d17ad0 relative=0x0000000000000410
Event: 10.111 Thread 0x00000256f00f3570 Uncommon trap: reason=array_check action=maybe_recompile pc=0x0000025687d17ad0 method=java.util.LinkedHashMap.valuesToArray([Ljava/lang/Object;Z)[Ljava/lang/Object; @ 67 c2
Event: 10.111 Thread 0x00000256f00f3570 DEOPT PACKING pc=0x0000025687d17ad0 sp=0x000000d5a1efd2b0
Event: 10.111 Thread 0x00000256f00f3570 DEOPT UNPACKING pc=0x00000256875846a2 sp=0x000000d5a1efd250 mode 2
Event: 10.112 Thread 0x00000256f00f3570 Uncommon trap: trap_request=0xffffffd6 fr.pc=0x0000025687d17ad0 relative=0x0000000000000410
Event: 10.112 Thread 0x00000256f00f3570 Uncommon trap: reason=array_check action=maybe_recompile pc=0x0000025687d17ad0 method=java.util.LinkedHashMap.valuesToArray([Ljava/lang/Object;Z)[Ljava/lang/Object; @ 67 c2
Event: 10.112 Thread 0x00000256f00f3570 DEOPT PACKING pc=0x0000025687d17ad0 sp=0x000000d5a1efcd50
Event: 10.112 Thread 0x00000256f00f3570 DEOPT UNPACKING pc=0x00000256875846a2 sp=0x000000d5a1efccf0 mode 2
Event: 10.112 Thread 0x00000256f00f3570 Uncommon trap: trap_request=0xffffffd6 fr.pc=0x0000025687d17ad0 relative=0x0000000000000410
Event: 10.112 Thread 0x00000256f00f3570 Uncommon trap: reason=array_check action=maybe_recompile pc=0x0000025687d17ad0 method=java.util.LinkedHashMap.valuesToArray([Ljava/lang/Object;Z)[Ljava/lang/Object; @ 67 c2
Event: 10.112 Thread 0x00000256f00f3570 DEOPT PACKING pc=0x0000025687d17ad0 sp=0x000000d5a1efcd50
Event: 10.112 Thread 0x00000256f00f3570 DEOPT UNPACKING pc=0x00000256875846a2 sp=0x000000d5a1efccf0 mode 2
Event: 10.164 Thread 0x00000256f00f3570 Uncommon trap: trap_request=0xffffff45 fr.pc=0x0000025687b51fc8 relative=0x0000000000002c48
Event: 10.164 Thread 0x00000256f00f3570 Uncommon trap: reason=unstable_if action=reinterpret pc=0x0000025687b51fc8 method=java.util.zip.ZipFile$Source.getMetaVersion(II)I @ 67 c2
Event: 10.164 Thread 0x00000256f00f3570 DEOPT PACKING pc=0x0000025687b51fc8 sp=0x000000d5a1efcab0
Event: 10.164 Thread 0x00000256f00f3570 DEOPT UNPACKING pc=0x00000256875846a2 sp=0x000000d5a1efc9d0 mode 2
Event: 10.175 Thread 0x00000256f00f3570 DEOPT PACKING pc=0x0000025680fe4063 sp=0x000000d5a1efcc20
Event: 10.175 Thread 0x00000256f00f3570 DEOPT UNPACKING pc=0x0000025687584e42 sp=0x000000d5a1efc208 mode 0
Event: 10.209 Thread 0x00000256f00f3570 DEOPT PACKING pc=0x0000025680b4639d sp=0x000000d5a1efc0b0
Event: 10.209 Thread 0x00000256f00f3570 DEOPT UNPACKING pc=0x0000025687584e42 sp=0x000000d5a1efb620 mode 0

Classes loaded (20 events):
Event: 8.477 Loading class java/util/concurrent/ConcurrentLinkedDeque$AbstractItr done
Event: 8.477 Loading class java/util/concurrent/ConcurrentLinkedDeque$Itr done
Event: 8.769 Loading class java/util/jar/JarOutputStream
Event: 8.776 Loading class java/util/jar/JarOutputStream done
Event: 8.865 Loading class java/util/zip/ZipOutputStream$XEntry
Event: 8.865 Loading class java/util/zip/ZipOutputStream$XEntry done
Event: 9.095 Loading class sun/nio/ch/SocketOutputStream
Event: 9.096 Loading class sun/nio/ch/SocketOutputStream done
Event: 9.096 Loading class java/nio/channels/FileChannel$MapMode
Event: 9.096 Loading class java/nio/channels/FileChannel$MapMode done
Event: 9.097 Loading class jdk/internal/misc/ExtendedMapMode
Event: 9.097 Loading class jdk/internal/misc/ExtendedMapMode done
Event: 9.099 Loading class sun/nio/ch/FileChannelImpl$DefaultUnmapper
Event: 9.099 Loading class sun/nio/ch/FileChannelImpl$Unmapper
Event: 9.099 Loading class jdk/internal/access/foreign/UnmapperProxy
Event: 9.100 Loading class jdk/internal/access/foreign/UnmapperProxy done
Event: 9.100 Loading class sun/nio/ch/FileChannelImpl$Unmapper done
Event: 9.100 Loading class sun/nio/ch/FileChannelImpl$DefaultUnmapper done
Event: 9.100 Loading class sun/nio/ch/Util$4
Event: 9.100 Loading class sun/nio/ch/Util$4 done

Classes unloaded (20 events):
Event: 9.019 Thread 0x00000256fee179e0 Unloading class 0x000002569234f6f8 'lombok/core/CleanupRegistry'
Event: 9.019 Thread 0x00000256fee179e0 Unloading class 0x000002569234f4f0 'lombok/permit/Permit$Fake'
Event: 9.019 Thread 0x00000256fee179e0 Unloading class 0x000002569234f2f0 'lombok/permit/Permit'
Event: 9.019 Thread 0x00000256fee179e0 Unloading class 0x000002569234f000 'lombok/javac/apt/LombokProcessor$1'
Event: 9.019 Thread 0x00000256fee179e0 Unloading class 0x000002569234ed88 'lombok/core/DiagnosticsReceiver'
Event: 9.019 Thread 0x00000256fee179e0 Unloading class 0x000002569234eaf0 'lombok/javac/apt/LombokProcessor'
Event: 9.019 Thread 0x00000256fee179e0 Unloading class 0x000002569234e8c0 'lombok/core/AnnotationProcessor$EcjDescriptor'
Event: 9.019 Thread 0x00000256fee179e0 Unloading class 0x000002569234e688 'lombok/core/AnnotationProcessor$JavacDescriptor'
Event: 9.019 Thread 0x00000256fee179e0 Unloading class 0x000002569234e280 'lombok/core/AnnotationProcessor$ProcessorDescriptor'
Event: 9.019 Thread 0x00000256fee179e0 Unloading class 0x000002569234e000 'lombok/core/AnnotationProcessor'
Event: 9.019 Thread 0x00000256fee179e0 Unloading class 0x000002569234d698 'lombok/launch/AnnotationProcessorHider$ClaimingProcessor'
Event: 9.019 Thread 0x00000256fee179e0 Unloading class 0x000002569234d498 'lombok/launch/AnnotationProcessorHider$AstModificationNotifierData'
Event: 9.019 Thread 0x00000256fee179e0 Unloading class 0x000002569234d218 'lombok/launch/ClassFileMetaData'
Event: 9.019 Thread 0x00000256fee179e0 Unloading class 0x000002569234d000 'lombok/launch/PackageShader'
Event: 9.019 Thread 0x00000256fee179e0 Unloading class 0x000002569234cc80 'lombok/launch/ShadowClassLoader'
Event: 9.019 Thread 0x00000256fee179e0 Unloading class 0x000002569234ca80 'lombok/launch/Main'
Event: 9.019 Thread 0x00000256fee179e0 Unloading class 0x000002569234c800 'lombok/launch/AnnotationProcessorHider$AnnotationProcessor'
Event: 9.019 Thread 0x00000256fee179e0 Unloading class 0x0000025692324490 'javax/inject/Qualifier'
Event: 9.019 Thread 0x00000256fee179e0 Unloading class 0x0000025692324228 'org/eclipse/sisu/space/SisuIndexAPT6'
Event: 9.019 Thread 0x00000256fee179e0 Unloading class 0x0000025692324000 'org/eclipse/sisu/space/AbstractSisuIndex'

Classes redefined (0 events):
No events

Internal exceptions (20 events):
Event: 7.058 Thread 0x00000256f00f3570 Exception <a 'sun/nio/fs/WindowsException'{0x00000007466d9ec0}> (0x00000007466d9ec0) 
thrown [s\open\src\hotspot\share\prims\jni.cpp, line 520]
Event: 7.085 Thread 0x00000256f00f3570 Exception <a 'sun/nio/fs/WindowsException'{0x00000007465859c8}> (0x00000007465859c8) 
thrown [s\open\src\hotspot\share\prims\jni.cpp, line 520]
Event: 7.085 Thread 0x00000256f00f3570 Exception <a 'sun/nio/fs/WindowsException'{0x0000000746586070}> (0x0000000746586070) 
thrown [s\open\src\hotspot\share\prims\jni.cpp, line 520]
Event: 7.085 Thread 0x00000256f00f3570 Exception <a 'sun/nio/fs/WindowsException'{0x0000000746586840}> (0x0000000746586840) 
thrown [s\open\src\hotspot\share\prims\jni.cpp, line 520]
Event: 7.088 Thread 0x00000256f00f3570 Exception <a 'sun/nio/fs/WindowsException'{0x00000007465a2d68}> (0x00000007465a2d68) 
thrown [s\open\src\hotspot\share\prims\jni.cpp, line 520]
Event: 7.088 Thread 0x00000256f00f3570 Exception <a 'sun/nio/fs/WindowsException'{0x00000007465a3428}> (0x00000007465a3428) 
thrown [s\open\src\hotspot\share\prims\jni.cpp, line 520]
Event: 7.088 Thread 0x00000256f00f3570 Exception <a 'sun/nio/fs/WindowsException'{0x00000007465a3c58}> (0x00000007465a3c58) 
thrown [s\open\src\hotspot\share\prims\jni.cpp, line 520]
Event: 7.113 Thread 0x00000256f00f3570 Exception <a 'sun/nio/fs/WindowsException'{0x00000007462a4a20}> (0x00000007462a4a20) 
thrown [s\open\src\hotspot\share\prims\jni.cpp, line 520]
Event: 7.113 Thread 0x00000256f00f3570 Exception <a 'sun/nio/fs/WindowsException'{0x00000007462a50d8}> (0x00000007462a50d8) 
thrown [s\open\src\hotspot\share\prims\jni.cpp, line 520]
Event: 7.113 Thread 0x00000256f00f3570 Exception <a 'sun/nio/fs/WindowsException'{0x00000007462a5900}> (0x00000007462a5900) 
thrown [s\open\src\hotspot\share\prims\jni.cpp, line 520]
Event: 7.116 Thread 0x00000256f00f3570 Exception <a 'sun/nio/fs/WindowsException'{0x00000007462b7f08}> (0x00000007462b7f08) 
thrown [s\open\src\hotspot\share\prims\jni.cpp, line 520]
Event: 7.116 Thread 0x00000256f00f3570 Exception <a 'sun/nio/fs/WindowsException'{0x00000007462b85b8}> (0x00000007462b85b8) 
thrown [s\open\src\hotspot\share\prims\jni.cpp, line 520]
Event: 7.117 Thread 0x00000256f00f3570 Exception <a 'sun/nio/fs/WindowsException'{0x00000007462b8da8}> (0x00000007462b8da8) 
thrown [s\open\src\hotspot\share\prims\jni.cpp, line 520]
Event: 7.772 Thread 0x00000256ff062040 Exception <a 'java/lang/NoSuchMethodError'{0x0000000747c24700}: 'java.lang.Object java.lang.invoke.DirectMethodHandle$Holder.invokeStatic(java.lang.Object, long, java.lang.Object)'> (0x0000000747c24700) 
thrown [s\open\src\hotspot\share\interpreter\linkResolver.cpp, line 773]
Event: 7.773 Thread 0x00000256ff062040 Exception <a 'java/lang/NoSuchMethodError'{0x0000000747c27bd8}: 'java.lang.Object java.lang.invoke.DirectMethodHandle$Holder.invokeStaticInit(java.lang.Object, long, java.lang.Object)'> (0x0000000747c27bd8) 
thrown [s\open\src\hotspot\share\interpreter\linkResolver.cpp, line 773]
Event: 7.773 Thread 0x00000256ff062040 Exception <a 'java/lang/NoSuchMethodError'{0x0000000747c2cfd0}: 'java.lang.Object java.lang.invoke.DirectMethodHandle$Holder.newInvokeSpecial(java.lang.Object, long)'> (0x0000000747c2cfd0) 
thrown [s\open\src\hotspot\share\interpreter\linkResolver.cpp, line 773]
Event: 7.776 Thread 0x00000256ff062040 Exception <a 'java/lang/NoSuchMethodError'{0x0000000747c31758}: 'long java.lang.invoke.DirectMethodHandle$Holder.invokeInterface(java.lang.Object, java.lang.Object)'> (0x0000000747c31758) 
thrown [s\open\src\hotspot\share\interpreter\linkResolver.cpp, line 773]
Event: 7.776 Thread 0x00000256ff062040 Exception <a 'java/lang/NoSuchMethodError'{0x0000000747c34c10}: 'long java.lang.invoke.DelegatingMethodHandle$Holder.reinvoke_L(java.lang.Object, java.lang.Object)'> (0x0000000747c34c10) 
thrown [s\open\src\hotspot\share\interpreter\linkResolver.cpp, line 773]
Event: 8.406 Thread 0x00000256f00f3570 Exception <a 'java/lang/NoSuchMethodError'{0x00000007469a3d00}: 'void java.lang.invoke.DirectMethodHandle$Holder.invokeStaticInit(java.lang.Object, java.lang.Object)'> (0x00000007469a3d00) 
thrown [s\open\src\hotspot\share\interpreter\linkResolver.cpp, line 773]
Event: 9.101 Thread 0x00000256f00f3570 Exception <a 'java/lang/NoSuchMethodError'{0x0000000746e0f6e0}: 'java.lang.Object java.lang.invoke.DelegatingMethodHandle$Holder.reinvoke_L(java.lang.Object, int, long, java.lang.Object, java.lang.Object, int, java.lang.Object)'> (0x0000000746e0f6e0) 
thrown [s\open\src\hotspot\share\interpreter\linkResolver.cpp, line 773]

ZGC Phase Switch (0 events):
No events

VM Operations (20 events):
Event: 8.471 Executing VM operation: HandshakeAllThreads (Deoptimize)
Event: 8.471 Executing VM operation: HandshakeAllThreads (Deoptimize) done
Event: 8.472 Executing VM operation: HandshakeAllThreads (Deoptimize)
Event: 8.472 Executing VM operation: HandshakeAllThreads (Deoptimize) done
Event: 8.495 Executing VM operation: G1PauseRemark
Event: 8.502 Executing VM operation: G1PauseRemark done
Event: 8.521 Executing VM operation: G1PauseCleanup
Event: 8.521 Executing VM operation: G1PauseCleanup done
Event: 8.769 Executing VM operation: HandshakeAllThreads (Deoptimize)
Event: 8.769 Executing VM operation: HandshakeAllThreads (Deoptimize) done
Event: 8.999 Executing VM operation: G1CollectFull (System.gc())
Event: 9.054 Executing VM operation: G1CollectFull (System.gc()) done
Event: 9.054 Executing VM operation: G1CollectFull (System.gc())
Event: 9.092 Executing VM operation: G1CollectFull (System.gc()) done
Event: 9.106 Executing VM operation: G1CollectFull (System.gc())
Event: 9.146 Executing VM operation: G1CollectFull (System.gc()) done
Event: 9.146 Executing VM operation: G1CollectFull (System.gc())
Event: 9.183 Executing VM operation: G1CollectFull (System.gc()) done
Event: 9.742 Executing VM operation: G1CollectForAllocation (G1 Evacuation Pause)
Event: 9.746 Executing VM operation: G1CollectForAllocation (G1 Evacuation Pause) done

Events (20 events):
Event: 9.070 Thread 0x00000256fee179e0 flushing nmethod 0x0000025680423910
Event: 9.070 Thread 0x00000256fee179e0 flushing nmethod 0x0000025680226410
Event: 9.070 Thread 0x00000256fee179e0 flushing nmethod 0x00000256800fb790
Event: 9.070 Thread 0x00000256fee179e0 flushing nmethod 0x0000025680105090
Event: 9.070 Thread 0x00000256fee179e0 flushing nmethod 0x0000025680094b10
Event: 9.070 Thread 0x00000256fee179e0 flushing nmethod 0x000002568006ad90
Event: 9.070 Thread 0x00000256fee179e0 flushing nmethod 0x0000025680061f10
Event: 9.070 Thread 0x00000256fee179e0 flushing nmethod 0x0000025687ed6110
Event: 9.070 Thread 0x00000256fee179e0 flushing nmethod 0x0000025687ee6c10
Event: 9.070 Thread 0x00000256fee179e0 flushing nmethod 0x0000025687efda10
Event: 9.070 Thread 0x00000256fee179e0 flushing nmethod 0x0000025687d55610
Event: 9.070 Thread 0x00000256fee179e0 flushing nmethod 0x0000025687cd3990
Event: 9.070 Thread 0x00000256fee179e0 flushing nmethod 0x0000025687c70d10
Event: 9.070 Thread 0x00000256fee179e0 flushing nmethod 0x0000025687c2df10
Event: 9.070 Thread 0x00000256fee179e0 flushing nmethod 0x0000025687c65d10
Event: 9.070 Thread 0x00000256fee179e0 flushing nmethod 0x0000025687c2dc10
Event: 9.070 Thread 0x00000256fee179e0 flushing nmethod 0x0000025687bd0410
Event: 9.070 Thread 0x00000256fee179e0 flushing nmethod 0x0000025687b80a10
Event: 9.127 Thread 0x00000256fee179e0 flushing nmethod 0x00000256807d4c90
Event: 9.127 Thread 0x00000256fee179e0 flushing nmethod 0x00000256806ad390


Dynamic libraries:
0x00007ff6849e0000 - 0x00007ff6849f0000 	E:\Program Files\Java\jdk-21\bin\java.exe
0x00007ff8dd410000 - 0x00007ff8dd608000 	C:\Windows\SYSTEM32\ntdll.dll
0x00007ff8dcc40000 - 0x00007ff8dcd02000 	C:\Windows\System32\KERNEL32.DLL
0x00007ff8dad90000 - 0x00007ff8db08f000 	C:\Windows\System32\KERNELBASE.dll
0x00007ff8daab0000 - 0x00007ff8dabb0000 	C:\Windows\System32\ucrtbase.dll
0x00007ff8bdbb0000 - 0x00007ff8bdbc9000 	E:\Program Files\Java\jdk-21\bin\jli.dll
0x00007ff8dc700000 - 0x00007ff8dc7af000 	C:\Windows\System32\ADVAPI32.dll
0x00007ff8db580000 - 0x00007ff8db61e000 	C:\Windows\System32\msvcrt.dll
0x00007ff8dc830000 - 0x00007ff8dc8cf000 	C:\Windows\System32\sechost.dll
0x00007ff8c0200000 - 0x00007ff8c021b000 	E:\Program Files\Java\jdk-21\bin\VCRUNTIME140.dll
0x00007ff8dca00000 - 0x00007ff8dcb23000 	C:\Windows\System32\RPCRT4.dll
0x00007ff8db330000 - 0x00007ff8db357000 	C:\Windows\System32\bcrypt.dll
0x00007ff8dc560000 - 0x00007ff8dc6fd000 	C:\Windows\System32\USER32.dll
0x00007ff8db400000 - 0x00007ff8db422000 	C:\Windows\System32\win32u.dll
0x00007ff8dcc10000 - 0x00007ff8dcc3b000 	C:\Windows\System32\GDI32.dll
0x00007ff8dabb0000 - 0x00007ff8dacca000 	C:\Windows\System32\gdi32full.dll
0x00007ff8db360000 - 0x00007ff8db3fd000 	C:\Windows\System32\msvcp_win.dll
0x00007ff8c0b70000 - 0x00007ff8c0e0a000 	C:\Windows\WinSxS\amd64_microsoft.windows.common-controls_6595b64144ccf1df_6.0.19041.4355_none_60b8b9eb71f62e16\COMCTL32.dll
0x00007ff8d5390000 - 0x00007ff8d539a000 	C:\Windows\SYSTEM32\VERSION.dll
0x00007ff8dc380000 - 0x00007ff8dc3af000 	C:\Windows\System32\IMM32.DLL
0x00007ff8d5ca0000 - 0x00007ff8d5cac000 	E:\Program Files\Java\jdk-21\bin\vcruntime140_1.dll
0x00007ff890e70000 - 0x00007ff890efe000 	E:\Program Files\Java\jdk-21\bin\msvcp140.dll
0x00007ff825940000 - 0x00007ff82664d000 	E:\Program Files\Java\jdk-21\bin\server\jvm.dll
0x00007ff8dc310000 - 0x00007ff8dc37b000 	C:\Windows\System32\WS2_32.dll
0x00007ff8da040000 - 0x00007ff8da08b000 	C:\Windows\SYSTEM32\POWRPROF.dll
0x00007ff8c81d0000 - 0x00007ff8c81f7000 	C:\Windows\SYSTEM32\WINMM.dll
0x00007ff8d9eb0000 - 0x00007ff8d9ec2000 	C:\Windows\SYSTEM32\UMPDC.dll
0x00007ff8d9300000 - 0x00007ff8d9312000 	C:\Windows\SYSTEM32\kernel.appcore.dll
0x00007ff8bdba0000 - 0x00007ff8bdbaa000 	E:\Program Files\Java\jdk-21\bin\jimage.dll
0x00007ff8d8680000 - 0x00007ff8d8864000 	C:\Windows\SYSTEM32\DBGHELP.DLL
0x00007ff8b66c0000 - 0x00007ff8b66f4000 	C:\Windows\SYSTEM32\dbgcore.DLL
0x00007ff8db1f0000 - 0x00007ff8db272000 	C:\Windows\System32\bcryptPrimitives.dll
0x00007ff8af410000 - 0x00007ff8af41f000 	E:\Program Files\Java\jdk-21\bin\instrument.dll
0x00007ff8ae790000 - 0x00007ff8ae7af000 	E:\Program Files\Java\jdk-21\bin\java.dll
0x00007ff8dbb40000 - 0x00007ff8dc2ad000 	C:\Windows\System32\SHELL32.dll
0x00007ff8d8b10000 - 0x00007ff8d92b4000 	C:\Windows\SYSTEM32\windows.storage.dll
0x00007ff8db620000 - 0x00007ff8db975000 	C:\Windows\System32\combase.dll
0x00007ff8da4e0000 - 0x00007ff8da50b000 	C:\Windows\SYSTEM32\Wldp.dll
0x00007ff8dce20000 - 0x00007ff8dceed000 	C:\Windows\System32\OLEAUT32.dll
0x00007ff8db4c0000 - 0x00007ff8db56d000 	C:\Windows\System32\SHCORE.dll
0x00007ff8dd370000 - 0x00007ff8dd3c5000 	C:\Windows\System32\shlwapi.dll
0x00007ff8da9e0000 - 0x00007ff8daa05000 	C:\Windows\SYSTEM32\profapi.dll
0x00007ff869160000 - 0x00007ff869237000 	E:\Program Files\Java\jdk-21\bin\jsvml.dll
0x00007ff8a93d0000 - 0x00007ff8a93e8000 	E:\Program Files\Java\jdk-21\bin\zip.dll
0x00007ff8a4260000 - 0x00007ff8a4270000 	E:\Program Files\Java\jdk-21\bin\net.dll
0x00007ff8d2570000 - 0x00007ff8d267a000 	C:\Windows\SYSTEM32\WINHTTP.dll
0x00007ff8da240000 - 0x00007ff8da2ac000 	C:\Windows\system32\mswsock.dll
0x00007ff8a01b0000 - 0x00007ff8a01c6000 	E:\Program Files\Java\jdk-21\bin\nio.dll
0x00007ff8a0190000 - 0x00007ff8a01aa000 	C:\Program Files\JetBrains\IntelliJ IDEA Community Edition 2024.1.3\bin\breakgen64.dll
0x00007ff8a2b40000 - 0x00007ff8a2b49000 	E:\Program Files\Java\jdk-21\bin\extnet.dll
0x0000000069ac0000 - 0x0000000069ae4000 	C:\Users\Egor\AppData\Local\Temp\jansi-2.4.0-3cce422870a1cc0f-jansi.dll
0x00007ff8a1b40000 - 0x00007ff8a1b50000 	E:\Program Files\Java\jdk-21\bin\verify.dll

dbghelp: loaded successfully - version: 4.0.5 - missing functions: none
symbol engine: initialized successfully - sym options: 0x614 - pdb path: .;E:\Program Files\Java\jdk-21\bin;C:\Windows\SYSTEM32;C:\Windows\WinSxS\amd64_microsoft.windows.common-controls_6595b64144ccf1df_6.0.19041.4355_none_60b8b9eb71f62e16;E:\Program Files\Java\jdk-21\bin\server;C:\Program Files\JetBrains\IntelliJ IDEA Community Edition 2024.1.3\bin;C:\Users\Egor\AppData\Local\Temp

VM Arguments:
jvm_args: -Dmaven.multiModuleProjectDirectory=C:\Users\Egor\Plugins\PlasmoRadio -Djansi.passthrough=true -Dmaven.home=C:\Program Files\JetBrains\IntelliJ IDEA Community Edition 2024.1.3\plugins\maven\lib\maven3 -Dclassworlds.conf=C:\Program Files\JetBrains\IntelliJ IDEA Community Edition 2024.1.3\plugins\maven\lib\maven3\bin\m2.conf -Dmaven.ext.class.path=C:\Program Files\JetBrains\IntelliJ IDEA Community Edition 2024.1.3\plugins\maven\lib\maven-event-listener.jar -javaagent:C:\Program Files\JetBrains\IntelliJ IDEA Community Edition 2024.1.3\lib\idea_rt.jar=53547:C:\Program Files\JetBrains\IntelliJ IDEA Community Edition 2024.1.3\bin -Dfile.encoding=UTF-8 -Dsun.stdout.encoding=UTF-8 -Dsun.stderr.encoding=UTF-8 
java_command: org.codehaus.classworlds.Launcher -Didea.version=2024.1.3 package
java_class_path (initial): C:\Program Files\JetBrains\IntelliJ IDEA Community Edition 2024.1.3\plugins\maven\lib\maven3\boot\plexus-classworlds-2.7.0.jar;C:\Program Files\JetBrains\IntelliJ IDEA Community Edition 2024.1.3\plugins\maven\lib\maven3\boot\plexus-classworlds.license
Launcher Type: SUN_STANDARD

[Global flags]
     intx CICompilerCount                          = 4                                         {product} {ergonomic}
     uint ConcGCThreads                            = 2                                         {product} {ergonomic}
     uint G1ConcRefinementThreads                  = 8                                         {product} {ergonomic}
   size_t G1HeapRegionSize                         = 2097152                                   {product} {ergonomic}
    uintx GCDrainStackTargetSize                   = 64                                        {product} {ergonomic}
   size_t InitialHeapSize                          = 199229440                                 {product} {ergonomic}
   size_t MarkStackSize                            = 4194304                                   {product} {ergonomic}
   size_t MaxHeapSize                              = 3179282432                                {product} {ergonomic}
   size_t MaxNewSize                               = 1906311168                                {product} {ergonomic}
   size_t MinHeapDeltaBytes                        = 2097152                                   {product} {ergonomic}
   size_t MinHeapSize                              = 8388608                                   {product} {ergonomic}
    uintx NonNMethodCodeHeapSize                   = 5839372                                {pd product} {ergonomic}
    uintx NonProfiledCodeHeapSize                  = 122909434                              {pd product} {ergonomic}
    uintx ProfiledCodeHeapSize                     = 122909434                              {pd product} {ergonomic}
    uintx ReservedCodeCacheSize                    = 251658240                              {pd product} {ergonomic}
     bool SegmentedCodeCache                       = true                                      {product} {ergonomic}
   size_t SoftMaxHeapSize                          = 3179282432                             {manageable} {ergonomic}
     bool UseCompressedOops                        = true                           {product lp64_product} {ergonomic}
     bool UseG1GC                                  = true                                      {product} {ergonomic}
     bool UseLargePagesIndividualAllocation        = false                                  {pd product} {ergonomic}

Logging:
Log output configuration:
 #0: stdout all=warning uptime,level,tags foldmultilines=false
 #1: stderr all=off uptime,level,tags foldmultilines=false

Environment Variables:
JAVA_HOME=C:\Program Files\BellSoft\LibericaJDK-21\
PATH=C:\Program Files\BellSoft\LibericaJDK-21\bin\;C:\Program Files\Common Files\Oracle\Java\javapath;C:\Windows\system32;C:\Windows;C:\Windows\System32\Wbem;C:\Windows\System32\WindowsPowerShell\v1.0\;C:\Windows\System32\OpenSSH\;C:\Program Files\NVIDIA Corporation\NVIDIA app\NvDLISR;C:\Program Files (x86)\NVIDIA Corporation\PhysX\Common;C:\Program Files\playit_gg\bin\;C:\Program Files\Git\cmd;C:\Program Files\dotnet\;C:\Program Files\nodejs\;C:\ProgramData\chocolatey\bin;C:\Program Files (x86)\Windows Kits\10\Windows Performance Toolkit\;C:\Users\Egor\.cargo\bin;C:\Users\Egor\AppData\Local\Programs\Python\Python312\Scripts\;C:\Users\Egor\AppData\Local\Programs\Python\Python312\;C:\Users\Egor\AppData\Local\Microsoft\WindowsApps;;C:\Program Files\JetBrains\IntelliJ IDEA Community Edition 2024.1.3\bin;;E:\Program Files\Microsoft VS Code\bin;C:\Users\Egor\.dotnet\tools;C:\Users\Egor\AppData\Roaming\npm;C:\Program Files\heroku\bin
USERNAME=Egor
OS=Windows_NT
PROCESSOR_IDENTIFIER=Intel64 Family 6 Model 158 Stepping 10, GenuineIntel
TMP=C:\Users\Egor\AppData\Local\Temp
TEMP=C:\Users\Egor\AppData\Local\Temp




Periodic native trim disabled

---------------  S Y S T E M  ---------------

OS:
 Windows 10 , 64 bit Build 19041 (10.0.19041.5438)
OS uptime: 1 days 10:31 hours

CPU: total 8 (initial active 8) (4 cores per cpu, 2 threads per core) family 6 model 158 stepping 10 microcode 0xcc, cx8, cmov, fxsr, ht, mmx, 3dnowpref, sse, sse2, sse3, ssse3, sse4.1, sse4.2, popcnt, lzcnt, tsc, tscinvbit, avx, avx2, aes, erms, clmul, bmi1, bmi2, adx, fma, vzeroupper, clflush, clflushopt, rdtscp, f16c
Processor Information for all 8 processors :
  Max Mhz: 2400, Current Mhz: 2400, Mhz Limit: 2400

Memory: 4k page, system-wide physical 12125M (271M free)
TotalPageFile size 22125M (AvailPageFile size 3M)
current process WorkingSet (physical memory assigned to process): 341M, peak: 341M
current process commit charge ("private bytes"): 373M, peak: 373M

vm_info: Java HotSpot(TM) 64-Bit Server VM (21.0.3+7-LTS-152) for windows-amd64 JRE (21.0.3+7-LTS-152), built on 2024-03-11T17:42:26Z by "mach5one" with MS VC++ 17.6 (VS2022)

END.
